2022-01-10T03:15:28+00:00 CRITICAL Uncaught Exception: Invalid data: {"data":["Array","Array"],"element":"Array"} in D:\OpenServer\domains\localhost\wp-content\plugins\elementor\core\base\document.php:864
Stack trace:
#0 D:\OpenServer\domains\localhost\wp-content\plugins\astra-sites\inc\importers\batch-processing\class-astra-sites-batch-processing-elementor.php(122): Elementor\Core\Base\Document->get_elements_raw_data()
#1 D:\OpenServer\domains\localhost\wp-content\plugins\astra-sites\inc\importers\batch-processing\class-astra-sites-batch-processing-elementor.php(66): Elementor\TemplateLibrary\Astra_Sites_Batch_Processing_Elementor->import_single_post()
#2 D:\OpenServer\domains\localhost\wp-content\plugins\astra-sites\inc\importers\batch-processing\helpers\class-wp-background-process-astra.php(41): Elementor\TemplateLibrary\Astra_Sites_Batch_Processing_Elementor->import()
#3 D:\OpenServer\domains\localhost\wp-content\plugins\woocommerce\includes\libraries\wp-background-process.php(301): WP_Background_Process_Astra->task()
#4 D:\OpenServer\domains\localhost\wp-content\plugins\woocommerce\includes\libraries\wp-background-process.php(447): WP_Background_Process->handle()
#5 D:\OpenServer\domains\localhost\wp-includes\class-wp-hook.php(303): WP_Background_Process->handle_cron_healthcheck()
#6 D:\OpenServer\domains\localhost\wp-includes\class-wp-hook.php(327): WP_Hook->apply_filters()
#7 D:\OpenServer\domains\localhost\wp-includes\plugin.php(518): WP_Hook->do_action()
#8 D:\OpenServer\domains\localhost\wp-cron.php(138): do_action_ref_array()
#9 {main}
  thrown в D:\OpenServer\domains\localhost\wp-content\plugins\elementor\core\base\document.php на строке 864

2022-01-10T03:20:15+00:00 CRITICAL Uncaught Exception: Invalid data: {"data":["Array","Array"],"element":"Array"} in D:\OpenServer\domains\localhost\wp-content\plugins\elementor\core\base\document.php:864
Stack trace:
#0 D:\OpenServer\domains\localhost\wp-content\plugins\astra-sites\inc\importers\batch-processing\class-astra-sites-batch-processing-elementor.php(122): Elementor\Core\Base\Document->get_elements_raw_data()
#1 D:\OpenServer\domains\localhost\wp-content\plugins\astra-sites\inc\importers\batch-processing\class-astra-sites-batch-processing-elementor.php(66): Elementor\TemplateLibrary\Astra_Sites_Batch_Processing_Elementor->import_single_post()
#2 D:\OpenServer\domains\localhost\wp-content\plugins\astra-sites\inc\importers\batch-processing\helpers\class-wp-background-process-astra.php(41): Elementor\TemplateLibrary\Astra_Sites_Batch_Processing_Elementor->import()
#3 D:\OpenServer\domains\localhost\wp-content\plugins\woocommerce\includes\libraries\wp-background-process.php(301): WP_Background_Process_Astra->task()
#4 D:\OpenServer\domains\localhost\wp-content\plugins\woocommerce\includes\libraries\wp-background-process.php(447): WP_Background_Process->handle()
#5 D:\OpenServer\domains\localhost\wp-includes\class-wp-hook.php(303): WP_Background_Process->handle_cron_healthcheck()
#6 D:\OpenServer\domains\localhost\wp-includes\class-wp-hook.php(327): WP_Hook->apply_filters()
#7 D:\OpenServer\domains\localhost\wp-includes\plugin.php(518): WP_Hook->do_action()
#8 D:\OpenServer\domains\localhost\wp-cron.php(138): do_action_ref_array()
#9 {main}
  thrown в D:\OpenServer\domains\localhost\wp-content\plugins\elementor\core\base\document.php на строке 864

2022-01-10T03:24:04+00:00 CRITICAL Uncaught Exception: Invalid data: {"data":["Array","Array"],"element":"Array"} in D:\OpenServer\domains\localhost\wp-content\plugins\elementor\core\base\document.php:864
Stack trace:
#0 D:\OpenServer\domains\localhost\wp-content\plugins\astra-sites\inc\importers\batch-processing\class-astra-sites-batch-processing-elementor.php(122): Elementor\Core\Base\Document->get_elements_raw_data()
#1 D:\OpenServer\domains\localhost\wp-content\plugins\astra-sites\inc\importers\batch-processing\class-astra-sites-batch-processing-elementor.php(66): Elementor\TemplateLibrary\Astra_Sites_Batch_Processing_Elementor->import_single_post()
#2 D:\OpenServer\domains\localhost\wp-content\plugins\astra-sites\inc\importers\batch-processing\helpers\class-wp-background-process-astra.php(41): Elementor\TemplateLibrary\Astra_Sites_Batch_Processing_Elementor->import()
#3 D:\OpenServer\domains\localhost\wp-content\plugins\woocommerce\includes\libraries\wp-background-process.php(301): WP_Background_Process_Astra->task()
#4 D:\OpenServer\domains\localhost\wp-content\plugins\woocommerce\includes\libraries\wp-background-process.php(447): WP_Background_Process->handle()
#5 D:\OpenServer\domains\localhost\wp-includes\class-wp-hook.php(303): WP_Background_Process->handle_cron_healthcheck()
#6 D:\OpenServer\domains\localhost\wp-includes\class-wp-hook.php(327): WP_Hook->apply_filters()
#7 D:\OpenServer\domains\localhost\wp-includes\plugin.php(518): WP_Hook->do_action()
#8 D:\OpenServer\domains\localhost\wp-cron.php(138): do_action_ref_array()
#9 {main}
  thrown в D:\OpenServer\domains\localhost\wp-content\plugins\elementor\core\base\document.php на строке 864

2022-01-10T03:29:59+00:00 CRITICAL Uncaught Exception: Invalid data: {"data":["Array","Array"],"element":"Array"} in D:\OpenServer\domains\localhost\wp-content\plugins\elementor\core\base\document.php:864
Stack trace:
#0 D:\OpenServer\domains\localhost\wp-content\plugins\astra-sites\inc\importers\batch-processing\class-astra-sites-batch-processing-elementor.php(122): Elementor\Core\Base\Document->get_elements_raw_data()
#1 D:\OpenServer\domains\localhost\wp-content\plugins\astra-sites\inc\importers\batch-processing\class-astra-sites-batch-processing-elementor.php(66): Elementor\TemplateLibrary\Astra_Sites_Batch_Processing_Elementor->import_single_post()
#2 D:\OpenServer\domains\localhost\wp-content\plugins\astra-sites\inc\importers\batch-processing\helpers\class-wp-background-process-astra.php(41): Elementor\TemplateLibrary\Astra_Sites_Batch_Processing_Elementor->import()
#3 D:\OpenServer\domains\localhost\wp-content\plugins\woocommerce\includes\libraries\wp-background-process.php(301): WP_Background_Process_Astra->task()
#4 D:\OpenServer\domains\localhost\wp-content\plugins\woocommerce\includes\libraries\wp-background-process.php(447): WP_Background_Process->handle()
#5 D:\OpenServer\domains\localhost\wp-includes\class-wp-hook.php(303): WP_Background_Process->handle_cron_healthcheck()
#6 D:\OpenServer\domains\localhost\wp-includes\class-wp-hook.php(327): WP_Hook->apply_filters()
#7 D:\OpenServer\domains\localhost\wp-includes\plugin.php(518): WP_Hook->do_action()
#8 D:\OpenServer\domains\localhost\wp-cron.php(138): do_action_ref_array()
#9 {main}
  thrown в D:\OpenServer\domains\localhost\wp-content\plugins\elementor\core\base\document.php на строке 864

2022-01-10T03:34:06+00:00 CRITICAL Uncaught Exception: Invalid data: {"data":["Array","Array"],"element":"Array"} in D:\OpenServer\domains\localhost\wp-content\plugins\elementor\core\base\document.php:864
Stack trace:
#0 D:\OpenServer\domains\localhost\wp-content\plugins\astra-sites\inc\importers\batch-processing\class-astra-sites-batch-processing-elementor.php(122): Elementor\Core\Base\Document->get_elements_raw_data()
#1 D:\OpenServer\domains\localhost\wp-content\plugins\astra-sites\inc\importers\batch-processing\class-astra-sites-batch-processing-elementor.php(66): Elementor\TemplateLibrary\Astra_Sites_Batch_Processing_Elementor->import_single_post()
#2 D:\OpenServer\domains\localhost\wp-content\plugins\astra-sites\inc\importers\batch-processing\helpers\class-wp-background-process-astra.php(41): Elementor\TemplateLibrary\Astra_Sites_Batch_Processing_Elementor->import()
#3 D:\OpenServer\domains\localhost\wp-content\plugins\woocommerce\includes\libraries\wp-background-process.php(301): WP_Background_Process_Astra->task()
#4 D:\OpenServer\domains\localhost\wp-content\plugins\woocommerce\includes\libraries\wp-background-process.php(447): WP_Background_Process->handle()
#5 D:\OpenServer\domains\localhost\wp-includes\class-wp-hook.php(303): WP_Background_Process->handle_cron_healthcheck()
#6 D:\OpenServer\domains\localhost\wp-includes\class-wp-hook.php(327): WP_Hook->apply_filters()
#7 D:\OpenServer\domains\localhost\wp-includes\plugin.php(518): WP_Hook->do_action()
#8 D:\OpenServer\domains\localhost\wp-cron.php(138): do_action_ref_array()
#9 {main}
  thrown в D:\OpenServer\domains\localhost\wp-content\plugins\elementor\core\base\document.php на строке 864

2022-01-10T03:39:11+00:00 CRITICAL Uncaught Exception: Invalid data: {"data":["Array","Array"],"element":"Array"} in D:\OpenServer\domains\localhost\wp-content\plugins\elementor\core\base\document.php:864
Stack trace:
#0 D:\OpenServer\domains\localhost\wp-content\plugins\astra-sites\inc\importers\batch-processing\class-astra-sites-batch-processing-elementor.php(122): Elementor\Core\Base\Document->get_elements_raw_data()
#1 D:\OpenServer\domains\localhost\wp-content\plugins\astra-sites\inc\importers\batch-processing\class-astra-sites-batch-processing-elementor.php(66): Elementor\TemplateLibrary\Astra_Sites_Batch_Processing_Elementor->import_single_post()
#2 D:\OpenServer\domains\localhost\wp-content\plugins\astra-sites\inc\importers\batch-processing\helpers\class-wp-background-process-astra.php(41): Elementor\TemplateLibrary\Astra_Sites_Batch_Processing_Elementor->import()
#3 D:\OpenServer\domains\localhost\wp-content\plugins\woocommerce\includes\libraries\wp-background-process.php(301): WP_Background_Process_Astra->task()
#4 D:\OpenServer\domains\localhost\wp-content\plugins\woocommerce\includes\libraries\wp-background-process.php(447): WP_Background_Process->handle()
#5 D:\OpenServer\domains\localhost\wp-includes\class-wp-hook.php(303): WP_Background_Process->handle_cron_healthcheck()
#6 D:\OpenServer\domains\localhost\wp-includes\class-wp-hook.php(327): WP_Hook->apply_filters()
#7 D:\OpenServer\domains\localhost\wp-includes\plugin.php(518): WP_Hook->do_action()
#8 D:\OpenServer\domains\localhost\wp-cron.php(138): do_action_ref_array()
#9 {main}
  thrown в D:\OpenServer\domains\localhost\wp-content\plugins\elementor\core\base\document.php на строке 864

2022-01-10T03:44:14+00:00 CRITICAL Uncaught Exception: Invalid data: {"data":["Array","Array"],"element":"Array"} in D:\OpenServer\domains\localhost\wp-content\plugins\elementor\core\base\document.php:864
Stack trace:
#0 D:\OpenServer\domains\localhost\wp-content\plugins\astra-sites\inc\importers\batch-processing\class-astra-sites-batch-processing-elementor.php(122): Elementor\Core\Base\Document->get_elements_raw_data()
#1 D:\OpenServer\domains\localhost\wp-content\plugins\astra-sites\inc\importers\batch-processing\class-astra-sites-batch-processing-elementor.php(66): Elementor\TemplateLibrary\Astra_Sites_Batch_Processing_Elementor->import_single_post()
#2 D:\OpenServer\domains\localhost\wp-content\plugins\astra-sites\inc\importers\batch-processing\helpers\class-wp-background-process-astra.php(41): Elementor\TemplateLibrary\Astra_Sites_Batch_Processing_Elementor->import()
#3 D:\OpenServer\domains\localhost\wp-content\plugins\woocommerce\includes\libraries\wp-background-process.php(301): WP_Background_Process_Astra->task()
#4 D:\OpenServer\domains\localhost\wp-content\plugins\woocommerce\includes\libraries\wp-background-process.php(447): WP_Background_Process->handle()
#5 D:\OpenServer\domains\localhost\wp-includes\class-wp-hook.php(303): WP_Background_Process->handle_cron_healthcheck()
#6 D:\OpenServer\domains\localhost\wp-includes\class-wp-hook.php(327): WP_Hook->apply_filters()
#7 D:\OpenServer\domains\localhost\wp-includes\plugin.php(518): WP_Hook->do_action()
#8 D:\OpenServer\domains\localhost\wp-cron.php(138): do_action_ref_array()
#9 {main}
  thrown в D:\OpenServer\domains\localhost\wp-content\plugins\elementor\core\base\document.php на строке 864

2022-01-10T03:49:03+00:00 CRITICAL Uncaught Exception: Invalid data: {"data":["Array","Array"],"element":"Array"} in D:\OpenServer\domains\localhost\wp-content\plugins\elementor\core\base\document.php:864
Stack trace:
#0 D:\OpenServer\domains\localhost\wp-content\plugins\astra-sites\inc\importers\batch-processing\class-astra-sites-batch-processing-elementor.php(122): Elementor\Core\Base\Document->get_elements_raw_data()
#1 D:\OpenServer\domains\localhost\wp-content\plugins\astra-sites\inc\importers\batch-processing\class-astra-sites-batch-processing-elementor.php(66): Elementor\TemplateLibrary\Astra_Sites_Batch_Processing_Elementor->import_single_post()
#2 D:\OpenServer\domains\localhost\wp-content\plugins\astra-sites\inc\importers\batch-processing\helpers\class-wp-background-process-astra.php(41): Elementor\TemplateLibrary\Astra_Sites_Batch_Processing_Elementor->import()
#3 D:\OpenServer\domains\localhost\wp-content\plugins\woocommerce\includes\libraries\wp-background-process.php(301): WP_Background_Process_Astra->task()
#4 D:\OpenServer\domains\localhost\wp-content\plugins\woocommerce\includes\libraries\wp-background-process.php(447): WP_Background_Process->handle()
#5 D:\OpenServer\domains\localhost\wp-includes\class-wp-hook.php(303): WP_Background_Process->handle_cron_healthcheck()
#6 D:\OpenServer\domains\localhost\wp-includes\class-wp-hook.php(327): WP_Hook->apply_filters()
#7 D:\OpenServer\domains\localhost\wp-includes\plugin.php(518): WP_Hook->do_action()
#8 D:\OpenServer\domains\localhost\wp-cron.php(138): do_action_ref_array()
#9 {main}
  thrown в D:\OpenServer\domains\localhost\wp-content\plugins\elementor\core\base\document.php на строке 864

2022-01-10T03:54:10+00:00 CRITICAL Uncaught Exception: Invalid data: {"data":["Array","Array"],"element":"Array"} in D:\OpenServer\domains\localhost\wp-content\plugins\elementor\core\base\document.php:864
Stack trace:
#0 D:\OpenServer\domains\localhost\wp-content\plugins\astra-sites\inc\importers\batch-processing\class-astra-sites-batch-processing-elementor.php(122): Elementor\Core\Base\Document->get_elements_raw_data()
#1 D:\OpenServer\domains\localhost\wp-content\plugins\astra-sites\inc\importers\batch-processing\class-astra-sites-batch-processing-elementor.php(66): Elementor\TemplateLibrary\Astra_Sites_Batch_Processing_Elementor->import_single_post()
#2 D:\OpenServer\domains\localhost\wp-content\plugins\astra-sites\inc\importers\batch-processing\helpers\class-wp-background-process-astra.php(41): Elementor\TemplateLibrary\Astra_Sites_Batch_Processing_Elementor->import()
#3 D:\OpenServer\domains\localhost\wp-content\plugins\woocommerce\includes\libraries\wp-background-process.php(301): WP_Background_Process_Astra->task()
#4 D:\OpenServer\domains\localhost\wp-content\plugins\woocommerce\includes\libraries\wp-background-process.php(447): WP_Background_Process->handle()
#5 D:\OpenServer\domains\localhost\wp-includes\class-wp-hook.php(303): WP_Background_Process->handle_cron_healthcheck()
#6 D:\OpenServer\domains\localhost\wp-includes\class-wp-hook.php(327): WP_Hook->apply_filters()
#7 D:\OpenServer\domains\localhost\wp-includes\plugin.php(518): WP_Hook->do_action()
#8 D:\OpenServer\domains\localhost\wp-cron.php(138): do_action_ref_array()
#9 {main}
  thrown в D:\OpenServer\domains\localhost\wp-content\plugins\elementor\core\base\document.php на строке 864

2022-01-10T03:59:10+00:00 CRITICAL Uncaught Exception: Invalid data: {"data":["Array","Array"],"element":"Array"} in D:\OpenServer\domains\localhost\wp-content\plugins\elementor\core\base\document.php:864
Stack trace:
#0 D:\OpenServer\domains\localhost\wp-content\plugins\astra-sites\inc\importers\batch-processing\class-astra-sites-batch-processing-elementor.php(122): Elementor\Core\Base\Document->get_elements_raw_data()
#1 D:\OpenServer\domains\localhost\wp-content\plugins\astra-sites\inc\importers\batch-processing\class-astra-sites-batch-processing-elementor.php(66): Elementor\TemplateLibrary\Astra_Sites_Batch_Processing_Elementor->import_single_post()
#2 D:\OpenServer\domains\localhost\wp-content\plugins\astra-sites\inc\importers\batch-processing\helpers\class-wp-background-process-astra.php(41): Elementor\TemplateLibrary\Astra_Sites_Batch_Processing_Elementor->import()
#3 D:\OpenServer\domains\localhost\wp-content\plugins\woocommerce\includes\libraries\wp-background-process.php(301): WP_Background_Process_Astra->task()
#4 D:\OpenServer\domains\localhost\wp-content\plugins\woocommerce\includes\libraries\wp-background-process.php(447): WP_Background_Process->handle()
#5 D:\OpenServer\domains\localhost\wp-includes\class-wp-hook.php(303): WP_Background_Process->handle_cron_healthcheck()
#6 D:\OpenServer\domains\localhost\wp-includes\class-wp-hook.php(327): WP_Hook->apply_filters()
#7 D:\OpenServer\domains\localhost\wp-includes\plugin.php(518): WP_Hook->do_action()
#8 D:\OpenServer\domains\localhost\wp-cron.php(138): do_action_ref_array()
#9 {main}
  thrown в D:\OpenServer\domains\localhost\wp-content\plugins\elementor\core\base\document.php на строке 864

2022-01-10T04:04:10+00:00 CRITICAL Uncaught Exception: Invalid data: {"data":["Array","Array"],"element":"Array"} in D:\OpenServer\domains\localhost\wp-content\plugins\elementor\core\base\document.php:864
Stack trace:
#0 D:\OpenServer\domains\localhost\wp-content\plugins\astra-sites\inc\importers\batch-processing\class-astra-sites-batch-processing-elementor.php(122): Elementor\Core\Base\Document->get_elements_raw_data()
#1 D:\OpenServer\domains\localhost\wp-content\plugins\astra-sites\inc\importers\batch-processing\class-astra-sites-batch-processing-elementor.php(66): Elementor\TemplateLibrary\Astra_Sites_Batch_Processing_Elementor->import_single_post()
#2 D:\OpenServer\domains\localhost\wp-content\plugins\astra-sites\inc\importers\batch-processing\helpers\class-wp-background-process-astra.php(41): Elementor\TemplateLibrary\Astra_Sites_Batch_Processing_Elementor->import()
#3 D:\OpenServer\domains\localhost\wp-content\plugins\woocommerce\includes\libraries\wp-background-process.php(301): WP_Background_Process_Astra->task()
#4 D:\OpenServer\domains\localhost\wp-content\plugins\woocommerce\includes\libraries\wp-background-process.php(447): WP_Background_Process->handle()
#5 D:\OpenServer\domains\localhost\wp-includes\class-wp-hook.php(303): WP_Background_Process->handle_cron_healthcheck()
#6 D:\OpenServer\domains\localhost\wp-includes\class-wp-hook.php(327): WP_Hook->apply_filters()
#7 D:\OpenServer\domains\localhost\wp-includes\plugin.php(518): WP_Hook->do_action()
#8 D:\OpenServer\domains\localhost\wp-cron.php(138): do_action_ref_array()
#9 {main}
  thrown в D:\OpenServer\domains\localhost\wp-content\plugins\elementor\core\base\document.php на строке 864

2022-01-10T04:09:10+00:00 CRITICAL Uncaught Exception: Invalid data: {"data":["Array","Array"],"element":"Array"} in D:\OpenServer\domains\localhost\wp-content\plugins\elementor\core\base\document.php:864
Stack trace:
#0 D:\OpenServer\domains\localhost\wp-content\plugins\astra-sites\inc\importers\batch-processing\class-astra-sites-batch-processing-elementor.php(122): Elementor\Core\Base\Document->get_elements_raw_data()
#1 D:\OpenServer\domains\localhost\wp-content\plugins\astra-sites\inc\importers\batch-processing\class-astra-sites-batch-processing-elementor.php(66): Elementor\TemplateLibrary\Astra_Sites_Batch_Processing_Elementor->import_single_post()
#2 D:\OpenServer\domains\localhost\wp-content\plugins\astra-sites\inc\importers\batch-processing\helpers\class-wp-background-process-astra.php(41): Elementor\TemplateLibrary\Astra_Sites_Batch_Processing_Elementor->import()
#3 D:\OpenServer\domains\localhost\wp-content\plugins\woocommerce\includes\libraries\wp-background-process.php(301): WP_Background_Process_Astra->task()
#4 D:\OpenServer\domains\localhost\wp-content\plugins\woocommerce\includes\libraries\wp-background-process.php(447): WP_Background_Process->handle()
#5 D:\OpenServer\domains\localhost\wp-includes\class-wp-hook.php(303): WP_Background_Process->handle_cron_healthcheck()
#6 D:\OpenServer\domains\localhost\wp-includes\class-wp-hook.php(327): WP_Hook->apply_filters()
#7 D:\OpenServer\domains\localhost\wp-includes\plugin.php(518): WP_Hook->do_action()
#8 D:\OpenServer\domains\localhost\wp-cron.php(138): do_action_ref_array()
#9 {main}
  thrown в D:\OpenServer\domains\localhost\wp-content\plugins\elementor\core\base\document.php на строке 864

2022-01-10T04:14:10+00:00 CRITICAL Uncaught Exception: Invalid data: {"data":["Array","Array"],"element":"Array"} in D:\OpenServer\domains\localhost\wp-content\plugins\elementor\core\base\document.php:864
Stack trace:
#0 D:\OpenServer\domains\localhost\wp-content\plugins\astra-sites\inc\importers\batch-processing\class-astra-sites-batch-processing-elementor.php(122): Elementor\Core\Base\Document->get_elements_raw_data()
#1 D:\OpenServer\domains\localhost\wp-content\plugins\astra-sites\inc\importers\batch-processing\class-astra-sites-batch-processing-elementor.php(66): Elementor\TemplateLibrary\Astra_Sites_Batch_Processing_Elementor->import_single_post()
#2 D:\OpenServer\domains\localhost\wp-content\plugins\astra-sites\inc\importers\batch-processing\helpers\class-wp-background-process-astra.php(41): Elementor\TemplateLibrary\Astra_Sites_Batch_Processing_Elementor->import()
#3 D:\OpenServer\domains\localhost\wp-content\plugins\woocommerce\includes\libraries\wp-background-process.php(301): WP_Background_Process_Astra->task()
#4 D:\OpenServer\domains\localhost\wp-content\plugins\woocommerce\includes\libraries\wp-background-process.php(447): WP_Background_Process->handle()
#5 D:\OpenServer\domains\localhost\wp-includes\class-wp-hook.php(303): WP_Background_Process->handle_cron_healthcheck()
#6 D:\OpenServer\domains\localhost\wp-includes\class-wp-hook.php(327): WP_Hook->apply_filters()
#7 D:\OpenServer\domains\localhost\wp-includes\plugin.php(518): WP_Hook->do_action()
#8 D:\OpenServer\domains\localhost\wp-cron.php(138): do_action_ref_array()
#9 {main}
  thrown в D:\OpenServer\domains\localhost\wp-content\plugins\elementor\core\base\document.php на строке 864

2022-01-10T04:19:11+00:00 CRITICAL Uncaught Exception: Invalid data: {"data":["Array","Array"],"element":"Array"} in D:\OpenServer\domains\localhost\wp-content\plugins\elementor\core\base\document.php:864
Stack trace:
#0 D:\OpenServer\domains\localhost\wp-content\plugins\astra-sites\inc\importers\batch-processing\class-astra-sites-batch-processing-elementor.php(122): Elementor\Core\Base\Document->get_elements_raw_data()
#1 D:\OpenServer\domains\localhost\wp-content\plugins\astra-sites\inc\importers\batch-processing\class-astra-sites-batch-processing-elementor.php(66): Elementor\TemplateLibrary\Astra_Sites_Batch_Processing_Elementor->import_single_post()
#2 D:\OpenServer\domains\localhost\wp-content\plugins\astra-sites\inc\importers\batch-processing\helpers\class-wp-background-process-astra.php(41): Elementor\TemplateLibrary\Astra_Sites_Batch_Processing_Elementor->import()
#3 D:\OpenServer\domains\localhost\wp-content\plugins\woocommerce\includes\libraries\wp-background-process.php(301): WP_Background_Process_Astra->task()
#4 D:\OpenServer\domains\localhost\wp-content\plugins\woocommerce\includes\libraries\wp-background-process.php(447): WP_Background_Process->handle()
#5 D:\OpenServer\domains\localhost\wp-includes\class-wp-hook.php(303): WP_Background_Process->handle_cron_healthcheck()
#6 D:\OpenServer\domains\localhost\wp-includes\class-wp-hook.php(327): WP_Hook->apply_filters()
#7 D:\OpenServer\domains\localhost\wp-includes\plugin.php(518): WP_Hook->do_action()
#8 D:\OpenServer\domains\localhost\wp-cron.php(138): do_action_ref_array()
#9 {main}
  thrown в D:\OpenServer\domains\localhost\wp-content\plugins\elementor\core\base\document.php на строке 864

2022-01-10T04:24:12+00:00 CRITICAL Uncaught Exception: Invalid data: {"data":["Array","Array"],"element":"Array"} in D:\OpenServer\domains\localhost\wp-content\plugins\elementor\core\base\document.php:864
Stack trace:
#0 D:\OpenServer\domains\localhost\wp-content\plugins\astra-sites\inc\importers\batch-processing\class-astra-sites-batch-processing-elementor.php(122): Elementor\Core\Base\Document->get_elements_raw_data()
#1 D:\OpenServer\domains\localhost\wp-content\plugins\astra-sites\inc\importers\batch-processing\class-astra-sites-batch-processing-elementor.php(66): Elementor\TemplateLibrary\Astra_Sites_Batch_Processing_Elementor->import_single_post()
#2 D:\OpenServer\domains\localhost\wp-content\plugins\astra-sites\inc\importers\batch-processing\helpers\class-wp-background-process-astra.php(41): Elementor\TemplateLibrary\Astra_Sites_Batch_Processing_Elementor->import()
#3 D:\OpenServer\domains\localhost\wp-content\plugins\woocommerce\includes\libraries\wp-background-process.php(301): WP_Background_Process_Astra->task()
#4 D:\OpenServer\domains\localhost\wp-content\plugins\woocommerce\includes\libraries\wp-background-process.php(447): WP_Background_Process->handle()
#5 D:\OpenServer\domains\localhost\wp-includes\class-wp-hook.php(303): WP_Background_Process->handle_cron_healthcheck()
#6 D:\OpenServer\domains\localhost\wp-includes\class-wp-hook.php(327): WP_Hook->apply_filters()
#7 D:\OpenServer\domains\localhost\wp-includes\plugin.php(518): WP_Hook->do_action()
#8 D:\OpenServer\domains\localhost\wp-cron.php(138): do_action_ref_array()
#9 {main}
  thrown в D:\OpenServer\domains\localhost\wp-content\plugins\elementor\core\base\document.php на строке 864

2022-01-10T04:29:12+00:00 CRITICAL Uncaught Exception: Invalid data: {"data":["Array","Array"],"element":"Array"} in D:\OpenServer\domains\localhost\wp-content\plugins\elementor\core\base\document.php:864
Stack trace:
#0 D:\OpenServer\domains\localhost\wp-content\plugins\astra-sites\inc\importers\batch-processing\class-astra-sites-batch-processing-elementor.php(122): Elementor\Core\Base\Document->get_elements_raw_data()
#1 D:\OpenServer\domains\localhost\wp-content\plugins\astra-sites\inc\importers\batch-processing\class-astra-sites-batch-processing-elementor.php(66): Elementor\TemplateLibrary\Astra_Sites_Batch_Processing_Elementor->import_single_post()
#2 D:\OpenServer\domains\localhost\wp-content\plugins\astra-sites\inc\importers\batch-processing\helpers\class-wp-background-process-astra.php(41): Elementor\TemplateLibrary\Astra_Sites_Batch_Processing_Elementor->import()
#3 D:\OpenServer\domains\localhost\wp-content\plugins\woocommerce\includes\libraries\wp-background-process.php(301): WP_Background_Process_Astra->task()
#4 D:\OpenServer\domains\localhost\wp-content\plugins\woocommerce\includes\libraries\wp-background-process.php(447): WP_Background_Process->handle()
#5 D:\OpenServer\domains\localhost\wp-includes\class-wp-hook.php(303): WP_Background_Process->handle_cron_healthcheck()
#6 D:\OpenServer\domains\localhost\wp-includes\class-wp-hook.php(327): WP_Hook->apply_filters()
#7 D:\OpenServer\domains\localhost\wp-includes\plugin.php(518): WP_Hook->do_action()
#8 D:\OpenServer\domains\localhost\wp-cron.php(138): do_action_ref_array()
#9 {main}
  thrown в D:\OpenServer\domains\localhost\wp-content\plugins\elementor\core\base\document.php на строке 864

2022-01-10T04:34:13+00:00 CRITICAL Uncaught Exception: Invalid data: {"data":["Array","Array"],"element":"Array"} in D:\OpenServer\domains\localhost\wp-content\plugins\elementor\core\base\document.php:864
Stack trace:
#0 D:\OpenServer\domains\localhost\wp-content\plugins\astra-sites\inc\importers\batch-processing\class-astra-sites-batch-processing-elementor.php(122): Elementor\Core\Base\Document->get_elements_raw_data()
#1 D:\OpenServer\domains\localhost\wp-content\plugins\astra-sites\inc\importers\batch-processing\class-astra-sites-batch-processing-elementor.php(66): Elementor\TemplateLibrary\Astra_Sites_Batch_Processing_Elementor->import_single_post()
#2 D:\OpenServer\domains\localhost\wp-content\plugins\astra-sites\inc\importers\batch-processing\helpers\class-wp-background-process-astra.php(41): Elementor\TemplateLibrary\Astra_Sites_Batch_Processing_Elementor->import()
#3 D:\OpenServer\domains\localhost\wp-content\plugins\woocommerce\includes\libraries\wp-background-process.php(301): WP_Background_Process_Astra->task()
#4 D:\OpenServer\domains\localhost\wp-content\plugins\woocommerce\includes\libraries\wp-background-process.php(447): WP_Background_Process->handle()
#5 D:\OpenServer\domains\localhost\wp-includes\class-wp-hook.php(303): WP_Background_Process->handle_cron_healthcheck()
#6 D:\OpenServer\domains\localhost\wp-includes\class-wp-hook.php(327): WP_Hook->apply_filters()
#7 D:\OpenServer\domains\localhost\wp-includes\plugin.php(518): WP_Hook->do_action()
#8 D:\OpenServer\domains\localhost\wp-cron.php(138): do_action_ref_array()
#9 {main}
  thrown в D:\OpenServer\domains\localhost\wp-content\plugins\elementor\core\base\document.php на строке 864

2022-01-10T04:39:14+00:00 CRITICAL Uncaught Exception: Invalid data: {"data":["Array","Array"],"element":"Array"} in D:\OpenServer\domains\localhost\wp-content\plugins\elementor\core\base\document.php:864
Stack trace:
#0 D:\OpenServer\domains\localhost\wp-content\plugins\astra-sites\inc\importers\batch-processing\class-astra-sites-batch-processing-elementor.php(122): Elementor\Core\Base\Document->get_elements_raw_data()
#1 D:\OpenServer\domains\localhost\wp-content\plugins\astra-sites\inc\importers\batch-processing\class-astra-sites-batch-processing-elementor.php(66): Elementor\TemplateLibrary\Astra_Sites_Batch_Processing_Elementor->import_single_post()
#2 D:\OpenServer\domains\localhost\wp-content\plugins\astra-sites\inc\importers\batch-processing\helpers\class-wp-background-process-astra.php(41): Elementor\TemplateLibrary\Astra_Sites_Batch_Processing_Elementor->import()
#3 D:\OpenServer\domains\localhost\wp-content\plugins\woocommerce\includes\libraries\wp-background-process.php(301): WP_Background_Process_Astra->task()
#4 D:\OpenServer\domains\localhost\wp-content\plugins\woocommerce\includes\libraries\wp-background-process.php(447): WP_Background_Process->handle()
#5 D:\OpenServer\domains\localhost\wp-includes\class-wp-hook.php(303): WP_Background_Process->handle_cron_healthcheck()
#6 D:\OpenServer\domains\localhost\wp-includes\class-wp-hook.php(327): WP_Hook->apply_filters()
#7 D:\OpenServer\domains\localhost\wp-includes\plugin.php(518): WP_Hook->do_action()
#8 D:\OpenServer\domains\localhost\wp-cron.php(138): do_action_ref_array()
#9 {main}
  thrown в D:\OpenServer\domains\localhost\wp-content\plugins\elementor\core\base\document.php на строке 864

2022-01-10T04:44:04+00:00 CRITICAL Uncaught Exception: Invalid data: {"data":["Array","Array"],"element":"Array"} in D:\OpenServer\domains\localhost\wp-content\plugins\elementor\core\base\document.php:864
Stack trace:
#0 D:\OpenServer\domains\localhost\wp-content\plugins\astra-sites\inc\importers\batch-processing\class-astra-sites-batch-processing-elementor.php(122): Elementor\Core\Base\Document->get_elements_raw_data()
#1 D:\OpenServer\domains\localhost\wp-content\plugins\astra-sites\inc\importers\batch-processing\class-astra-sites-batch-processing-elementor.php(66): Elementor\TemplateLibrary\Astra_Sites_Batch_Processing_Elementor->import_single_post()
#2 D:\OpenServer\domains\localhost\wp-content\plugins\astra-sites\inc\importers\batch-processing\helpers\class-wp-background-process-astra.php(41): Elementor\TemplateLibrary\Astra_Sites_Batch_Processing_Elementor->import()
#3 D:\OpenServer\domains\localhost\wp-content\plugins\woocommerce\includes\libraries\wp-background-process.php(301): WP_Background_Process_Astra->task()
#4 D:\OpenServer\domains\localhost\wp-content\plugins\woocommerce\includes\libraries\wp-background-process.php(447): WP_Background_Process->handle()
#5 D:\OpenServer\domains\localhost\wp-includes\class-wp-hook.php(303): WP_Background_Process->handle_cron_healthcheck()
#6 D:\OpenServer\domains\localhost\wp-includes\class-wp-hook.php(327): WP_Hook->apply_filters()
#7 D:\OpenServer\domains\localhost\wp-includes\plugin.php(518): WP_Hook->do_action()
#8 D:\OpenServer\domains\localhost\wp-cron.php(138): do_action_ref_array()
#9 {main}
  thrown в D:\OpenServer\domains\localhost\wp-content\plugins\elementor\core\base\document.php на строке 864

2022-01-10T04:49:12+00:00 CRITICAL Uncaught Exception: Invalid data: {"data":["Array","Array"],"element":"Array"} in D:\OpenServer\domains\localhost\wp-content\plugins\elementor\core\base\document.php:864
Stack trace:
#0 D:\OpenServer\domains\localhost\wp-content\plugins\astra-sites\inc\importers\batch-processing\class-astra-sites-batch-processing-elementor.php(122): Elementor\Core\Base\Document->get_elements_raw_data()
#1 D:\OpenServer\domains\localhost\wp-content\plugins\astra-sites\inc\importers\batch-processing\class-astra-sites-batch-processing-elementor.php(66): Elementor\TemplateLibrary\Astra_Sites_Batch_Processing_Elementor->import_single_post()
#2 D:\OpenServer\domains\localhost\wp-content\plugins\astra-sites\inc\importers\batch-processing\helpers\class-wp-background-process-astra.php(41): Elementor\TemplateLibrary\Astra_Sites_Batch_Processing_Elementor->import()
#3 D:\OpenServer\domains\localhost\wp-content\plugins\woocommerce\includes\libraries\wp-background-process.php(301): WP_Background_Process_Astra->task()
#4 D:\OpenServer\domains\localhost\wp-content\plugins\woocommerce\includes\libraries\wp-background-process.php(447): WP_Background_Process->handle()
#5 D:\OpenServer\domains\localhost\wp-includes\class-wp-hook.php(303): WP_Background_Process->handle_cron_healthcheck()
#6 D:\OpenServer\domains\localhost\wp-includes\class-wp-hook.php(327): WP_Hook->apply_filters()
#7 D:\OpenServer\domains\localhost\wp-includes\plugin.php(518): WP_Hook->do_action()
#8 D:\OpenServer\domains\localhost\wp-cron.php(138): do_action_ref_array()
#9 {main}
  thrown в D:\OpenServer\domains\localhost\wp-content\plugins\elementor\core\base\document.php на строке 864

2022-01-10T04:54:12+00:00 CRITICAL Uncaught Exception: Invalid data: {"data":["Array","Array"],"element":"Array"} in D:\OpenServer\domains\localhost\wp-content\plugins\elementor\core\base\document.php:864
Stack trace:
#0 D:\OpenServer\domains\localhost\wp-content\plugins\astra-sites\inc\importers\batch-processing\class-astra-sites-batch-processing-elementor.php(122): Elementor\Core\Base\Document->get_elements_raw_data()
#1 D:\OpenServer\domains\localhost\wp-content\plugins\astra-sites\inc\importers\batch-processing\class-astra-sites-batch-processing-elementor.php(66): Elementor\TemplateLibrary\Astra_Sites_Batch_Processing_Elementor->import_single_post()
#2 D:\OpenServer\domains\localhost\wp-content\plugins\astra-sites\inc\importers\batch-processing\helpers\class-wp-background-process-astra.php(41): Elementor\TemplateLibrary\Astra_Sites_Batch_Processing_Elementor->import()
#3 D:\OpenServer\domains\localhost\wp-content\plugins\woocommerce\includes\libraries\wp-background-process.php(301): WP_Background_Process_Astra->task()
#4 D:\OpenServer\domains\localhost\wp-content\plugins\woocommerce\includes\libraries\wp-background-process.php(447): WP_Background_Process->handle()
#5 D:\OpenServer\domains\localhost\wp-includes\class-wp-hook.php(303): WP_Background_Process->handle_cron_healthcheck()
#6 D:\OpenServer\domains\localhost\wp-includes\class-wp-hook.php(327): WP_Hook->apply_filters()
#7 D:\OpenServer\domains\localhost\wp-includes\plugin.php(518): WP_Hook->do_action()
#8 D:\OpenServer\domains\localhost\wp-cron.php(138): do_action_ref_array()
#9 {main}
  thrown в D:\OpenServer\domains\localhost\wp-content\plugins\elementor\core\base\document.php на строке 864

2022-01-10T04:59:03+00:00 CRITICAL Uncaught Exception: Invalid data: {"data":["Array","Array"],"element":"Array"} in D:\OpenServer\domains\localhost\wp-content\plugins\elementor\core\base\document.php:864
Stack trace:
#0 D:\OpenServer\domains\localhost\wp-content\plugins\astra-sites\inc\importers\batch-processing\class-astra-sites-batch-processing-elementor.php(122): Elementor\Core\Base\Document->get_elements_raw_data()
#1 D:\OpenServer\domains\localhost\wp-content\plugins\astra-sites\inc\importers\batch-processing\class-astra-sites-batch-processing-elementor.php(66): Elementor\TemplateLibrary\Astra_Sites_Batch_Processing_Elementor->import_single_post()
#2 D:\OpenServer\domains\localhost\wp-content\plugins\astra-sites\inc\importers\batch-processing\helpers\class-wp-background-process-astra.php(41): Elementor\TemplateLibrary\Astra_Sites_Batch_Processing_Elementor->import()
#3 D:\OpenServer\domains\localhost\wp-content\plugins\woocommerce\includes\libraries\wp-background-process.php(301): WP_Background_Process_Astra->task()
#4 D:\OpenServer\domains\localhost\wp-content\plugins\woocommerce\includes\libraries\wp-background-process.php(447): WP_Background_Process->handle()
#5 D:\OpenServer\domains\localhost\wp-includes\class-wp-hook.php(303): WP_Background_Process->handle_cron_healthcheck()
#6 D:\OpenServer\domains\localhost\wp-includes\class-wp-hook.php(327): WP_Hook->apply_filters()
#7 D:\OpenServer\domains\localhost\wp-includes\plugin.php(518): WP_Hook->do_action()
#8 D:\OpenServer\domains\localhost\wp-cron.php(138): do_action_ref_array()
#9 {main}
  thrown в D:\OpenServer\domains\localhost\wp-content\plugins\elementor\core\base\document.php на строке 864

2022-01-10T05:04:18+00:00 CRITICAL Uncaught Exception: Invalid data: {"data":["Array","Array"],"element":"Array"} in D:\OpenServer\domains\localhost\wp-content\plugins\elementor\core\base\document.php:864
Stack trace:
#0 D:\OpenServer\domains\localhost\wp-content\plugins\astra-sites\inc\importers\batch-processing\class-astra-sites-batch-processing-elementor.php(122): Elementor\Core\Base\Document->get_elements_raw_data()
#1 D:\OpenServer\domains\localhost\wp-content\plugins\astra-sites\inc\importers\batch-processing\class-astra-sites-batch-processing-elementor.php(66): Elementor\TemplateLibrary\Astra_Sites_Batch_Processing_Elementor->import_single_post()
#2 D:\OpenServer\domains\localhost\wp-content\plugins\astra-sites\inc\importers\batch-processing\helpers\class-wp-background-process-astra.php(41): Elementor\TemplateLibrary\Astra_Sites_Batch_Processing_Elementor->import()
#3 D:\OpenServer\domains\localhost\wp-content\plugins\woocommerce\includes\libraries\wp-background-process.php(301): WP_Background_Process_Astra->task()
#4 D:\OpenServer\domains\localhost\wp-content\plugins\woocommerce\includes\libraries\wp-background-process.php(447): WP_Background_Process->handle()
#5 D:\OpenServer\domains\localhost\wp-includes\class-wp-hook.php(303): WP_Background_Process->handle_cron_healthcheck()
#6 D:\OpenServer\domains\localhost\wp-includes\class-wp-hook.php(327): WP_Hook->apply_filters()
#7 D:\OpenServer\domains\localhost\wp-includes\plugin.php(518): WP_Hook->do_action()
#8 D:\OpenServer\domains\localhost\wp-cron.php(138): do_action_ref_array()
#9 {main}
  thrown в D:\OpenServer\domains\localhost\wp-content\plugins\elementor\core\base\document.php на строке 864

2022-01-10T05:09:06+00:00 CRITICAL Uncaught Exception: Invalid data: {"data":["Array","Array"],"element":"Array"} in D:\OpenServer\domains\localhost\wp-content\plugins\elementor\core\base\document.php:864
Stack trace:
#0 D:\OpenServer\domains\localhost\wp-content\plugins\astra-sites\inc\importers\batch-processing\class-astra-sites-batch-processing-elementor.php(122): Elementor\Core\Base\Document->get_elements_raw_data()
#1 D:\OpenServer\domains\localhost\wp-content\plugins\astra-sites\inc\importers\batch-processing\class-astra-sites-batch-processing-elementor.php(66): Elementor\TemplateLibrary\Astra_Sites_Batch_Processing_Elementor->import_single_post()
#2 D:\OpenServer\domains\localhost\wp-content\plugins\astra-sites\inc\importers\batch-processing\helpers\class-wp-background-process-astra.php(41): Elementor\TemplateLibrary\Astra_Sites_Batch_Processing_Elementor->import()
#3 D:\OpenServer\domains\localhost\wp-content\plugins\woocommerce\includes\libraries\wp-background-process.php(301): WP_Background_Process_Astra->task()
#4 D:\OpenServer\domains\localhost\wp-content\plugins\woocommerce\includes\libraries\wp-background-process.php(447): WP_Background_Process->handle()
#5 D:\OpenServer\domains\localhost\wp-includes\class-wp-hook.php(303): WP_Background_Process->handle_cron_healthcheck()
#6 D:\OpenServer\domains\localhost\wp-includes\class-wp-hook.php(327): WP_Hook->apply_filters()
#7 D:\OpenServer\domains\localhost\wp-includes\plugin.php(518): WP_Hook->do_action()
#8 D:\OpenServer\domains\localhost\wp-cron.php(138): do_action_ref_array()
#9 {main}
  thrown в D:\OpenServer\domains\localhost\wp-content\plugins\elementor\core\base\document.php на строке 864

2022-01-10T05:15:00+00:00 CRITICAL Uncaught Exception: Invalid data: {"data":["Array","Array"],"element":"Array"} in D:\OpenServer\domains\localhost\wp-content\plugins\elementor\core\base\document.php:864
Stack trace:
#0 D:\OpenServer\domains\localhost\wp-content\plugins\astra-sites\inc\importers\batch-processing\class-astra-sites-batch-processing-elementor.php(122): Elementor\Core\Base\Document->get_elements_raw_data()
#1 D:\OpenServer\domains\localhost\wp-content\plugins\astra-sites\inc\importers\batch-processing\class-astra-sites-batch-processing-elementor.php(66): Elementor\TemplateLibrary\Astra_Sites_Batch_Processing_Elementor->import_single_post()
#2 D:\OpenServer\domains\localhost\wp-content\plugins\astra-sites\inc\importers\batch-processing\helpers\class-wp-background-process-astra.php(41): Elementor\TemplateLibrary\Astra_Sites_Batch_Processing_Elementor->import()
#3 D:\OpenServer\domains\localhost\wp-content\plugins\woocommerce\includes\libraries\wp-background-process.php(301): WP_Background_Process_Astra->task()
#4 D:\OpenServer\domains\localhost\wp-content\plugins\woocommerce\includes\libraries\wp-background-process.php(447): WP_Background_Process->handle()
#5 D:\OpenServer\domains\localhost\wp-includes\class-wp-hook.php(303): WP_Background_Process->handle_cron_healthcheck()
#6 D:\OpenServer\domains\localhost\wp-includes\class-wp-hook.php(327): WP_Hook->apply_filters()
#7 D:\OpenServer\domains\localhost\wp-includes\plugin.php(518): WP_Hook->do_action()
#8 D:\OpenServer\domains\localhost\wp-cron.php(138): do_action_ref_array()
#9 {main}
  thrown в D:\OpenServer\domains\localhost\wp-content\plugins\elementor\core\base\document.php на строке 864

2022-01-10T05:23:23+00:00 CRITICAL Uncaught Exception: Invalid data: {"data":["Array","Array"],"element":"Array"} in D:\OpenServer\domains\localhost\wp-content\plugins\elementor\core\base\document.php:864
Stack trace:
#0 D:\OpenServer\domains\localhost\wp-content\plugins\astra-sites\inc\importers\batch-processing\class-astra-sites-batch-processing-elementor.php(122): Elementor\Core\Base\Document->get_elements_raw_data()
#1 D:\OpenServer\domains\localhost\wp-content\plugins\astra-sites\inc\importers\batch-processing\class-astra-sites-batch-processing-elementor.php(66): Elementor\TemplateLibrary\Astra_Sites_Batch_Processing_Elementor->import_single_post()
#2 D:\OpenServer\domains\localhost\wp-content\plugins\astra-sites\inc\importers\batch-processing\helpers\class-wp-background-process-astra.php(41): Elementor\TemplateLibrary\Astra_Sites_Batch_Processing_Elementor->import()
#3 D:\OpenServer\domains\localhost\wp-content\plugins\woocommerce\includes\libraries\wp-background-process.php(301): WP_Background_Process_Astra->task()
#4 D:\OpenServer\domains\localhost\wp-content\plugins\woocommerce\includes\libraries\wp-background-process.php(447): WP_Background_Process->handle()
#5 D:\OpenServer\domains\localhost\wp-includes\class-wp-hook.php(303): WP_Background_Process->handle_cron_healthcheck()
#6 D:\OpenServer\domains\localhost\wp-includes\class-wp-hook.php(327): WP_Hook->apply_filters()
#7 D:\OpenServer\domains\localhost\wp-includes\plugin.php(518): WP_Hook->do_action()
#8 D:\OpenServer\domains\localhost\wp-cron.php(138): do_action_ref_array()
#9 {main}
  thrown в D:\OpenServer\domains\localhost\wp-content\plugins\elementor\core\base\document.php на строке 864

2022-01-10T05:24:25+00:00 CRITICAL Uncaught Exception: Invalid data: {"data":["Array","Array"],"element":"Array"} in D:\OpenServer\domains\localhost\wp-content\plugins\elementor\core\base\document.php:864
Stack trace:
#0 D:\OpenServer\domains\localhost\wp-content\plugins\astra-sites\inc\importers\batch-processing\class-astra-sites-batch-processing-elementor.php(122): Elementor\Core\Base\Document->get_elements_raw_data()
#1 D:\OpenServer\domains\localhost\wp-content\plugins\astra-sites\inc\importers\batch-processing\class-astra-sites-batch-processing-elementor.php(66): Elementor\TemplateLibrary\Astra_Sites_Batch_Processing_Elementor->import_single_post()
#2 D:\OpenServer\domains\localhost\wp-content\plugins\astra-sites\inc\importers\batch-processing\helpers\class-wp-background-process-astra.php(41): Elementor\TemplateLibrary\Astra_Sites_Batch_Processing_Elementor->import()
#3 D:\OpenServer\domains\localhost\wp-content\plugins\woocommerce\includes\libraries\wp-background-process.php(301): WP_Background_Process_Astra->task()
#4 D:\OpenServer\domains\localhost\wp-content\plugins\woocommerce\includes\libraries\wp-background-process.php(447): WP_Background_Process->handle()
#5 D:\OpenServer\domains\localhost\wp-includes\class-wp-hook.php(303): WP_Background_Process->handle_cron_healthcheck()
#6 D:\OpenServer\domains\localhost\wp-includes\class-wp-hook.php(327): WP_Hook->apply_filters()
#7 D:\OpenServer\domains\localhost\wp-includes\plugin.php(518): WP_Hook->do_action()
#8 D:\OpenServer\domains\localhost\wp-cron.php(138): do_action_ref_array()
#9 {main}
  thrown в D:\OpenServer\domains\localhost\wp-content\plugins\elementor\core\base\document.php на строке 864

2022-01-10T05:29:07+00:00 CRITICAL Uncaught Exception: Invalid data: {"data":["Array","Array"],"element":"Array"} in D:\OpenServer\domains\localhost\wp-content\plugins\elementor\core\base\document.php:864
Stack trace:
#0 D:\OpenServer\domains\localhost\wp-content\plugins\astra-sites\inc\importers\batch-processing\class-astra-sites-batch-processing-elementor.php(122): Elementor\Core\Base\Document->get_elements_raw_data()
#1 D:\OpenServer\domains\localhost\wp-content\plugins\astra-sites\inc\importers\batch-processing\class-astra-sites-batch-processing-elementor.php(66): Elementor\TemplateLibrary\Astra_Sites_Batch_Processing_Elementor->import_single_post()
#2 D:\OpenServer\domains\localhost\wp-content\plugins\astra-sites\inc\importers\batch-processing\helpers\class-wp-background-process-astra.php(41): Elementor\TemplateLibrary\Astra_Sites_Batch_Processing_Elementor->import()
#3 D:\OpenServer\domains\localhost\wp-content\plugins\woocommerce\includes\libraries\wp-background-process.php(301): WP_Background_Process_Astra->task()
#4 D:\OpenServer\domains\localhost\wp-content\plugins\woocommerce\includes\libraries\wp-background-process.php(447): WP_Background_Process->handle()
#5 D:\OpenServer\domains\localhost\wp-includes\class-wp-hook.php(303): WP_Background_Process->handle_cron_healthcheck()
#6 D:\OpenServer\domains\localhost\wp-includes\class-wp-hook.php(327): WP_Hook->apply_filters()
#7 D:\OpenServer\domains\localhost\wp-includes\plugin.php(518): WP_Hook->do_action()
#8 D:\OpenServer\domains\localhost\wp-cron.php(138): do_action_ref_array()
#9 {main}
  thrown в D:\OpenServer\domains\localhost\wp-content\plugins\elementor\core\base\document.php на строке 864

2022-01-10T05:34:29+00:00 CRITICAL Uncaught Exception: Invalid data: {"data":["Array","Array"],"element":"Array"} in D:\OpenServer\domains\localhost\wp-content\plugins\elementor\core\base\document.php:864
Stack trace:
#0 D:\OpenServer\domains\localhost\wp-content\plugins\astra-sites\inc\importers\batch-processing\class-astra-sites-batch-processing-elementor.php(122): Elementor\Core\Base\Document->get_elements_raw_data()
#1 D:\OpenServer\domains\localhost\wp-content\plugins\astra-sites\inc\importers\batch-processing\class-astra-sites-batch-processing-elementor.php(66): Elementor\TemplateLibrary\Astra_Sites_Batch_Processing_Elementor->import_single_post()
#2 D:\OpenServer\domains\localhost\wp-content\plugins\astra-sites\inc\importers\batch-processing\helpers\class-wp-background-process-astra.php(41): Elementor\TemplateLibrary\Astra_Sites_Batch_Processing_Elementor->import()
#3 D:\OpenServer\domains\localhost\wp-content\plugins\woocommerce\includes\libraries\wp-background-process.php(301): WP_Background_Process_Astra->task()
#4 D:\OpenServer\domains\localhost\wp-content\plugins\woocommerce\includes\libraries\wp-background-process.php(447): WP_Background_Process->handle()
#5 D:\OpenServer\domains\localhost\wp-includes\class-wp-hook.php(303): WP_Background_Process->handle_cron_healthcheck()
#6 D:\OpenServer\domains\localhost\wp-includes\class-wp-hook.php(327): WP_Hook->apply_filters()
#7 D:\OpenServer\domains\localhost\wp-includes\plugin.php(518): WP_Hook->do_action()
#8 D:\OpenServer\domains\localhost\wp-cron.php(138): do_action_ref_array()
#9 {main}
  thrown в D:\OpenServer\domains\localhost\wp-content\plugins\elementor\core\base\document.php на строке 864

2022-01-10T05:39:10+00:00 CRITICAL Uncaught Exception: Invalid data: {"data":["Array","Array"],"element":"Array"} in D:\OpenServer\domains\localhost\wp-content\plugins\elementor\core\base\document.php:864
Stack trace:
#0 D:\OpenServer\domains\localhost\wp-content\plugins\astra-sites\inc\importers\batch-processing\class-astra-sites-batch-processing-elementor.php(122): Elementor\Core\Base\Document->get_elements_raw_data()
#1 D:\OpenServer\domains\localhost\wp-content\plugins\astra-sites\inc\importers\batch-processing\class-astra-sites-batch-processing-elementor.php(66): Elementor\TemplateLibrary\Astra_Sites_Batch_Processing_Elementor->import_single_post()
#2 D:\OpenServer\domains\localhost\wp-content\plugins\astra-sites\inc\importers\batch-processing\helpers\class-wp-background-process-astra.php(41): Elementor\TemplateLibrary\Astra_Sites_Batch_Processing_Elementor->import()
#3 D:\OpenServer\domains\localhost\wp-content\plugins\woocommerce\includes\libraries\wp-background-process.php(301): WP_Background_Process_Astra->task()
#4 D:\OpenServer\domains\localhost\wp-content\plugins\woocommerce\includes\libraries\wp-background-process.php(447): WP_Background_Process->handle()
#5 D:\OpenServer\domains\localhost\wp-includes\class-wp-hook.php(303): WP_Background_Process->handle_cron_healthcheck()
#6 D:\OpenServer\domains\localhost\wp-includes\class-wp-hook.php(327): WP_Hook->apply_filters()
#7 D:\OpenServer\domains\localhost\wp-includes\plugin.php(518): WP_Hook->do_action()
#8 D:\OpenServer\domains\localhost\wp-cron.php(138): do_action_ref_array()
#9 {main}
  thrown в D:\OpenServer\domains\localhost\wp-content\plugins\elementor\core\base\document.php на строке 864

2022-01-10T05:44:06+00:00 CRITICAL Uncaught Exception: Invalid data: {"data":["Array","Array"],"element":"Array"} in D:\OpenServer\domains\localhost\wp-content\plugins\elementor\core\base\document.php:864
Stack trace:
#0 D:\OpenServer\domains\localhost\wp-content\plugins\astra-sites\inc\importers\batch-processing\class-astra-sites-batch-processing-elementor.php(122): Elementor\Core\Base\Document->get_elements_raw_data()
#1 D:\OpenServer\domains\localhost\wp-content\plugins\astra-sites\inc\importers\batch-processing\class-astra-sites-batch-processing-elementor.php(66): Elementor\TemplateLibrary\Astra_Sites_Batch_Processing_Elementor->import_single_post()
#2 D:\OpenServer\domains\localhost\wp-content\plugins\astra-sites\inc\importers\batch-processing\helpers\class-wp-background-process-astra.php(41): Elementor\TemplateLibrary\Astra_Sites_Batch_Processing_Elementor->import()
#3 D:\OpenServer\domains\localhost\wp-content\plugins\woocommerce\includes\libraries\wp-background-process.php(301): WP_Background_Process_Astra->task()
#4 D:\OpenServer\domains\localhost\wp-content\plugins\woocommerce\includes\libraries\wp-background-process.php(447): WP_Background_Process->handle()
#5 D:\OpenServer\domains\localhost\wp-includes\class-wp-hook.php(303): WP_Background_Process->handle_cron_healthcheck()
#6 D:\OpenServer\domains\localhost\wp-includes\class-wp-hook.php(327): WP_Hook->apply_filters()
#7 D:\OpenServer\domains\localhost\wp-includes\plugin.php(518): WP_Hook->do_action()
#8 D:\OpenServer\domains\localhost\wp-cron.php(138): do_action_ref_array()
#9 {main}
  thrown в D:\OpenServer\domains\localhost\wp-content\plugins\elementor\core\base\document.php на строке 864

2022-01-10T05:49:07+00:00 CRITICAL Uncaught Exception: Invalid data: {"data":["Array","Array"],"element":"Array"} in D:\OpenServer\domains\localhost\wp-content\plugins\elementor\core\base\document.php:864
Stack trace:
#0 D:\OpenServer\domains\localhost\wp-content\plugins\astra-sites\inc\importers\batch-processing\class-astra-sites-batch-processing-elementor.php(122): Elementor\Core\Base\Document->get_elements_raw_data()
#1 D:\OpenServer\domains\localhost\wp-content\plugins\astra-sites\inc\importers\batch-processing\class-astra-sites-batch-processing-elementor.php(66): Elementor\TemplateLibrary\Astra_Sites_Batch_Processing_Elementor->import_single_post()
#2 D:\OpenServer\domains\localhost\wp-content\plugins\astra-sites\inc\importers\batch-processing\helpers\class-wp-background-process-astra.php(41): Elementor\TemplateLibrary\Astra_Sites_Batch_Processing_Elementor->import()
#3 D:\OpenServer\domains\localhost\wp-content\plugins\woocommerce\includes\libraries\wp-background-process.php(301): WP_Background_Process_Astra->task()
#4 D:\OpenServer\domains\localhost\wp-content\plugins\woocommerce\includes\libraries\wp-background-process.php(447): WP_Background_Process->handle()
#5 D:\OpenServer\domains\localhost\wp-includes\class-wp-hook.php(303): WP_Background_Process->handle_cron_healthcheck()
#6 D:\OpenServer\domains\localhost\wp-includes\class-wp-hook.php(327): WP_Hook->apply_filters()
#7 D:\OpenServer\domains\localhost\wp-includes\plugin.php(518): WP_Hook->do_action()
#8 D:\OpenServer\domains\localhost\wp-cron.php(138): do_action_ref_array()
#9 {main}
  thrown в D:\OpenServer\domains\localhost\wp-content\plugins\elementor\core\base\document.php на строке 864

2022-01-10T05:54:08+00:00 CRITICAL Uncaught Exception: Invalid data: {"data":["Array","Array"],"element":"Array"} in D:\OpenServer\domains\localhost\wp-content\plugins\elementor\core\base\document.php:864
Stack trace:
#0 D:\OpenServer\domains\localhost\wp-content\plugins\astra-sites\inc\importers\batch-processing\class-astra-sites-batch-processing-elementor.php(122): Elementor\Core\Base\Document->get_elements_raw_data()
#1 D:\OpenServer\domains\localhost\wp-content\plugins\astra-sites\inc\importers\batch-processing\class-astra-sites-batch-processing-elementor.php(66): Elementor\TemplateLibrary\Astra_Sites_Batch_Processing_Elementor->import_single_post()
#2 D:\OpenServer\domains\localhost\wp-content\plugins\astra-sites\inc\importers\batch-processing\helpers\class-wp-background-process-astra.php(41): Elementor\TemplateLibrary\Astra_Sites_Batch_Processing_Elementor->import()
#3 D:\OpenServer\domains\localhost\wp-content\plugins\woocommerce\includes\libraries\wp-background-process.php(301): WP_Background_Process_Astra->task()
#4 D:\OpenServer\domains\localhost\wp-content\plugins\woocommerce\includes\libraries\wp-background-process.php(447): WP_Background_Process->handle()
#5 D:\OpenServer\domains\localhost\wp-includes\class-wp-hook.php(303): WP_Background_Process->handle_cron_healthcheck()
#6 D:\OpenServer\domains\localhost\wp-includes\class-wp-hook.php(327): WP_Hook->apply_filters()
#7 D:\OpenServer\domains\localhost\wp-includes\plugin.php(518): WP_Hook->do_action()
#8 D:\OpenServer\domains\localhost\wp-cron.php(138): do_action_ref_array()
#9 {main}
  thrown в D:\OpenServer\domains\localhost\wp-content\plugins\elementor\core\base\document.php на строке 864

2022-01-10T05:59:09+00:00 CRITICAL Uncaught Exception: Invalid data: {"data":["Array","Array"],"element":"Array"} in D:\OpenServer\domains\localhost\wp-content\plugins\elementor\core\base\document.php:864
Stack trace:
#0 D:\OpenServer\domains\localhost\wp-content\plugins\astra-sites\inc\importers\batch-processing\class-astra-sites-batch-processing-elementor.php(122): Elementor\Core\Base\Document->get_elements_raw_data()
#1 D:\OpenServer\domains\localhost\wp-content\plugins\astra-sites\inc\importers\batch-processing\class-astra-sites-batch-processing-elementor.php(66): Elementor\TemplateLibrary\Astra_Sites_Batch_Processing_Elementor->import_single_post()
#2 D:\OpenServer\domains\localhost\wp-content\plugins\astra-sites\inc\importers\batch-processing\helpers\class-wp-background-process-astra.php(41): Elementor\TemplateLibrary\Astra_Sites_Batch_Processing_Elementor->import()
#3 D:\OpenServer\domains\localhost\wp-content\plugins\woocommerce\includes\libraries\wp-background-process.php(301): WP_Background_Process_Astra->task()
#4 D:\OpenServer\domains\localhost\wp-content\plugins\woocommerce\includes\libraries\wp-background-process.php(447): WP_Background_Process->handle()
#5 D:\OpenServer\domains\localhost\wp-includes\class-wp-hook.php(303): WP_Background_Process->handle_cron_healthcheck()
#6 D:\OpenServer\domains\localhost\wp-includes\class-wp-hook.php(327): WP_Hook->apply_filters()
#7 D:\OpenServer\domains\localhost\wp-includes\plugin.php(518): WP_Hook->do_action()
#8 D:\OpenServer\domains\localhost\wp-cron.php(138): do_action_ref_array()
#9 {main}
  thrown в D:\OpenServer\domains\localhost\wp-content\plugins\elementor\core\base\document.php на строке 864

2022-01-10T06:05:52+00:00 CRITICAL Uncaught Exception: Invalid data: {"data":["Array","Array"],"element":"Array"} in D:\OpenServer\domains\localhost\wp-content\plugins\elementor\core\base\document.php:864
Stack trace:
#0 D:\OpenServer\domains\localhost\wp-content\plugins\astra-sites\inc\importers\batch-processing\class-astra-sites-batch-processing-elementor.php(122): Elementor\Core\Base\Document->get_elements_raw_data()
#1 D:\OpenServer\domains\localhost\wp-content\plugins\astra-sites\inc\importers\batch-processing\class-astra-sites-batch-processing-elementor.php(66): Elementor\TemplateLibrary\Astra_Sites_Batch_Processing_Elementor->import_single_post()
#2 D:\OpenServer\domains\localhost\wp-content\plugins\astra-sites\inc\importers\batch-processing\helpers\class-wp-background-process-astra.php(41): Elementor\TemplateLibrary\Astra_Sites_Batch_Processing_Elementor->import()
#3 D:\OpenServer\domains\localhost\wp-content\plugins\woocommerce\includes\libraries\wp-background-process.php(301): WP_Background_Process_Astra->task()
#4 D:\OpenServer\domains\localhost\wp-content\plugins\woocommerce\includes\libraries\wp-background-process.php(447): WP_Background_Process->handle()
#5 D:\OpenServer\domains\localhost\wp-includes\class-wp-hook.php(303): WP_Background_Process->handle_cron_healthcheck()
#6 D:\OpenServer\domains\localhost\wp-includes\class-wp-hook.php(327): WP_Hook->apply_filters()
#7 D:\OpenServer\domains\localhost\wp-includes\plugin.php(518): WP_Hook->do_action()
#8 D:\OpenServer\domains\localhost\wp-cron.php(138): do_action_ref_array()
#9 {main}
  thrown в D:\OpenServer\domains\localhost\wp-content\plugins\elementor\core\base\document.php на строке 864

2022-01-10T06:09:06+00:00 CRITICAL Uncaught Exception: Invalid data: {"data":["Array","Array"],"element":"Array"} in D:\OpenServer\domains\localhost\wp-content\plugins\elementor\core\base\document.php:864
Stack trace:
#0 D:\OpenServer\domains\localhost\wp-content\plugins\astra-sites\inc\importers\batch-processing\class-astra-sites-batch-processing-elementor.php(122): Elementor\Core\Base\Document->get_elements_raw_data()
#1 D:\OpenServer\domains\localhost\wp-content\plugins\astra-sites\inc\importers\batch-processing\class-astra-sites-batch-processing-elementor.php(66): Elementor\TemplateLibrary\Astra_Sites_Batch_Processing_Elementor->import_single_post()
#2 D:\OpenServer\domains\localhost\wp-content\plugins\astra-sites\inc\importers\batch-processing\helpers\class-wp-background-process-astra.php(41): Elementor\TemplateLibrary\Astra_Sites_Batch_Processing_Elementor->import()
#3 D:\OpenServer\domains\localhost\wp-content\plugins\woocommerce\includes\libraries\wp-background-process.php(301): WP_Background_Process_Astra->task()
#4 D:\OpenServer\domains\localhost\wp-content\plugins\woocommerce\includes\libraries\wp-background-process.php(447): WP_Background_Process->handle()
#5 D:\OpenServer\domains\localhost\wp-includes\class-wp-hook.php(303): WP_Background_Process->handle_cron_healthcheck()
#6 D:\OpenServer\domains\localhost\wp-includes\class-wp-hook.php(327): WP_Hook->apply_filters()
#7 D:\OpenServer\domains\localhost\wp-includes\plugin.php(518): WP_Hook->do_action()
#8 D:\OpenServer\domains\localhost\wp-cron.php(138): do_action_ref_array()
#9 {main}
  thrown в D:\OpenServer\domains\localhost\wp-content\plugins\elementor\core\base\document.php на строке 864

2022-01-10T06:14:11+00:00 CRITICAL Uncaught Exception: Invalid data: {"data":["Array","Array"],"element":"Array"} in D:\OpenServer\domains\localhost\wp-content\plugins\elementor\core\base\document.php:864
Stack trace:
#0 D:\OpenServer\domains\localhost\wp-content\plugins\astra-sites\inc\importers\batch-processing\class-astra-sites-batch-processing-elementor.php(122): Elementor\Core\Base\Document->get_elements_raw_data()
#1 D:\OpenServer\domains\localhost\wp-content\plugins\astra-sites\inc\importers\batch-processing\class-astra-sites-batch-processing-elementor.php(66): Elementor\TemplateLibrary\Astra_Sites_Batch_Processing_Elementor->import_single_post()
#2 D:\OpenServer\domains\localhost\wp-content\plugins\astra-sites\inc\importers\batch-processing\helpers\class-wp-background-process-astra.php(41): Elementor\TemplateLibrary\Astra_Sites_Batch_Processing_Elementor->import()
#3 D:\OpenServer\domains\localhost\wp-content\plugins\woocommerce\includes\libraries\wp-background-process.php(301): WP_Background_Process_Astra->task()
#4 D:\OpenServer\domains\localhost\wp-content\plugins\woocommerce\includes\libraries\wp-background-process.php(447): WP_Background_Process->handle()
#5 D:\OpenServer\domains\localhost\wp-includes\class-wp-hook.php(303): WP_Background_Process->handle_cron_healthcheck()
#6 D:\OpenServer\domains\localhost\wp-includes\class-wp-hook.php(327): WP_Hook->apply_filters()
#7 D:\OpenServer\domains\localhost\wp-includes\plugin.php(518): WP_Hook->do_action()
#8 D:\OpenServer\domains\localhost\wp-cron.php(138): do_action_ref_array()
#9 {main}
  thrown в D:\OpenServer\domains\localhost\wp-content\plugins\elementor\core\base\document.php на строке 864

2022-01-10T06:19:18+00:00 CRITICAL Uncaught Exception: Invalid data: {"data":["Array","Array"],"element":"Array"} in D:\OpenServer\domains\localhost\wp-content\plugins\elementor\core\base\document.php:864
Stack trace:
#0 D:\OpenServer\domains\localhost\wp-content\plugins\astra-sites\inc\importers\batch-processing\class-astra-sites-batch-processing-elementor.php(122): Elementor\Core\Base\Document->get_elements_raw_data()
#1 D:\OpenServer\domains\localhost\wp-content\plugins\astra-sites\inc\importers\batch-processing\class-astra-sites-batch-processing-elementor.php(66): Elementor\TemplateLibrary\Astra_Sites_Batch_Processing_Elementor->import_single_post()
#2 D:\OpenServer\domains\localhost\wp-content\plugins\astra-sites\inc\importers\batch-processing\helpers\class-wp-background-process-astra.php(41): Elementor\TemplateLibrary\Astra_Sites_Batch_Processing_Elementor->import()
#3 D:\OpenServer\domains\localhost\wp-content\plugins\woocommerce\includes\libraries\wp-background-process.php(301): WP_Background_Process_Astra->task()
#4 D:\OpenServer\domains\localhost\wp-content\plugins\woocommerce\includes\libraries\wp-background-process.php(447): WP_Background_Process->handle()
#5 D:\OpenServer\domains\localhost\wp-includes\class-wp-hook.php(303): WP_Background_Process->handle_cron_healthcheck()
#6 D:\OpenServer\domains\localhost\wp-includes\class-wp-hook.php(327): WP_Hook->apply_filters()
#7 D:\OpenServer\domains\localhost\wp-includes\plugin.php(518): WP_Hook->do_action()
#8 D:\OpenServer\domains\localhost\wp-cron.php(138): do_action_ref_array()
#9 {main}
  thrown в D:\OpenServer\domains\localhost\wp-content\plugins\elementor\core\base\document.php на строке 864

2022-01-10T06:24:05+00:00 CRITICAL Uncaught Exception: Invalid data: {"data":["Array","Array"],"element":"Array"} in D:\OpenServer\domains\localhost\wp-content\plugins\elementor\core\base\document.php:864
Stack trace:
#0 D:\OpenServer\domains\localhost\wp-content\plugins\astra-sites\inc\importers\batch-processing\class-astra-sites-batch-processing-elementor.php(122): Elementor\Core\Base\Document->get_elements_raw_data()
#1 D:\OpenServer\domains\localhost\wp-content\plugins\astra-sites\inc\importers\batch-processing\class-astra-sites-batch-processing-elementor.php(66): Elementor\TemplateLibrary\Astra_Sites_Batch_Processing_Elementor->import_single_post()
#2 D:\OpenServer\domains\localhost\wp-content\plugins\astra-sites\inc\importers\batch-processing\helpers\class-wp-background-process-astra.php(41): Elementor\TemplateLibrary\Astra_Sites_Batch_Processing_Elementor->import()
#3 D:\OpenServer\domains\localhost\wp-content\plugins\woocommerce\includes\libraries\wp-background-process.php(301): WP_Background_Process_Astra->task()
#4 D:\OpenServer\domains\localhost\wp-content\plugins\woocommerce\includes\libraries\wp-background-process.php(447): WP_Background_Process->handle()
#5 D:\OpenServer\domains\localhost\wp-includes\class-wp-hook.php(303): WP_Background_Process->handle_cron_healthcheck()
#6 D:\OpenServer\domains\localhost\wp-includes\class-wp-hook.php(327): WP_Hook->apply_filters()
#7 D:\OpenServer\domains\localhost\wp-includes\plugin.php(518): WP_Hook->do_action()
#8 D:\OpenServer\domains\localhost\wp-cron.php(138): do_action_ref_array()
#9 {main}
  thrown в D:\OpenServer\domains\localhost\wp-content\plugins\elementor\core\base\document.php на строке 864

2022-01-10T06:29:10+00:00 CRITICAL Uncaught Exception: Invalid data: {"data":["Array","Array"],"element":"Array"} in D:\OpenServer\domains\localhost\wp-content\plugins\elementor\core\base\document.php:864
Stack trace:
#0 D:\OpenServer\domains\localhost\wp-content\plugins\astra-sites\inc\importers\batch-processing\class-astra-sites-batch-processing-elementor.php(122): Elementor\Core\Base\Document->get_elements_raw_data()
#1 D:\OpenServer\domains\localhost\wp-content\plugins\astra-sites\inc\importers\batch-processing\class-astra-sites-batch-processing-elementor.php(66): Elementor\TemplateLibrary\Astra_Sites_Batch_Processing_Elementor->import_single_post()
#2 D:\OpenServer\domains\localhost\wp-content\plugins\astra-sites\inc\importers\batch-processing\helpers\class-wp-background-process-astra.php(41): Elementor\TemplateLibrary\Astra_Sites_Batch_Processing_Elementor->import()
#3 D:\OpenServer\domains\localhost\wp-content\plugins\woocommerce\includes\libraries\wp-background-process.php(301): WP_Background_Process_Astra->task()
#4 D:\OpenServer\domains\localhost\wp-content\plugins\woocommerce\includes\libraries\wp-background-process.php(447): WP_Background_Process->handle()
#5 D:\OpenServer\domains\localhost\wp-includes\class-wp-hook.php(303): WP_Background_Process->handle_cron_healthcheck()
#6 D:\OpenServer\domains\localhost\wp-includes\class-wp-hook.php(327): WP_Hook->apply_filters()
#7 D:\OpenServer\domains\localhost\wp-includes\plugin.php(518): WP_Hook->do_action()
#8 D:\OpenServer\domains\localhost\wp-cron.php(138): do_action_ref_array()
#9 {main}
  thrown в D:\OpenServer\domains\localhost\wp-content\plugins\elementor\core\base\document.php на строке 864

2022-01-10T06:34:12+00:00 CRITICAL Uncaught Exception: Invalid data: {"data":["Array","Array"],"element":"Array"} in D:\OpenServer\domains\localhost\wp-content\plugins\elementor\core\base\document.php:864
Stack trace:
#0 D:\OpenServer\domains\localhost\wp-content\plugins\astra-sites\inc\importers\batch-processing\class-astra-sites-batch-processing-elementor.php(122): Elementor\Core\Base\Document->get_elements_raw_data()
#1 D:\OpenServer\domains\localhost\wp-content\plugins\astra-sites\inc\importers\batch-processing\class-astra-sites-batch-processing-elementor.php(66): Elementor\TemplateLibrary\Astra_Sites_Batch_Processing_Elementor->import_single_post()
#2 D:\OpenServer\domains\localhost\wp-content\plugins\astra-sites\inc\importers\batch-processing\helpers\class-wp-background-process-astra.php(41): Elementor\TemplateLibrary\Astra_Sites_Batch_Processing_Elementor->import()
#3 D:\OpenServer\domains\localhost\wp-content\plugins\woocommerce\includes\libraries\wp-background-process.php(301): WP_Background_Process_Astra->task()
#4 D:\OpenServer\domains\localhost\wp-content\plugins\woocommerce\includes\libraries\wp-background-process.php(447): WP_Background_Process->handle()
#5 D:\OpenServer\domains\localhost\wp-includes\class-wp-hook.php(303): WP_Background_Process->handle_cron_healthcheck()
#6 D:\OpenServer\domains\localhost\wp-includes\class-wp-hook.php(327): WP_Hook->apply_filters()
#7 D:\OpenServer\domains\localhost\wp-includes\plugin.php(518): WP_Hook->do_action()
#8 D:\OpenServer\domains\localhost\wp-cron.php(138): do_action_ref_array()
#9 {main}
  thrown в D:\OpenServer\domains\localhost\wp-content\plugins\elementor\core\base\document.php на строке 864

2022-01-10T06:39:08+00:00 CRITICAL Uncaught Exception: Invalid data: {"data":["Array","Array"],"element":"Array"} in D:\OpenServer\domains\localhost\wp-content\plugins\elementor\core\base\document.php:864
Stack trace:
#0 D:\OpenServer\domains\localhost\wp-content\plugins\astra-sites\inc\importers\batch-processing\class-astra-sites-batch-processing-elementor.php(122): Elementor\Core\Base\Document->get_elements_raw_data()
#1 D:\OpenServer\domains\localhost\wp-content\plugins\astra-sites\inc\importers\batch-processing\class-astra-sites-batch-processing-elementor.php(66): Elementor\TemplateLibrary\Astra_Sites_Batch_Processing_Elementor->import_single_post()
#2 D:\OpenServer\domains\localhost\wp-content\plugins\astra-sites\inc\importers\batch-processing\helpers\class-wp-background-process-astra.php(41): Elementor\TemplateLibrary\Astra_Sites_Batch_Processing_Elementor->import()
#3 D:\OpenServer\domains\localhost\wp-content\plugins\woocommerce\includes\libraries\wp-background-process.php(301): WP_Background_Process_Astra->task()
#4 D:\OpenServer\domains\localhost\wp-content\plugins\woocommerce\includes\libraries\wp-background-process.php(447): WP_Background_Process->handle()
#5 D:\OpenServer\domains\localhost\wp-includes\class-wp-hook.php(303): WP_Background_Process->handle_cron_healthcheck()
#6 D:\OpenServer\domains\localhost\wp-includes\class-wp-hook.php(327): WP_Hook->apply_filters()
#7 D:\OpenServer\domains\localhost\wp-includes\plugin.php(518): WP_Hook->do_action()
#8 D:\OpenServer\domains\localhost\wp-cron.php(138): do_action_ref_array()
#9 {main}
  thrown в D:\OpenServer\domains\localhost\wp-content\plugins\elementor\core\base\document.php на строке 864

2022-01-10T06:44:04+00:00 CRITICAL Uncaught Exception: Invalid data: {"data":["Array","Array"],"element":"Array"} in D:\OpenServer\domains\localhost\wp-content\plugins\elementor\core\base\document.php:864
Stack trace:
#0 D:\OpenServer\domains\localhost\wp-content\plugins\astra-sites\inc\importers\batch-processing\class-astra-sites-batch-processing-elementor.php(122): Elementor\Core\Base\Document->get_elements_raw_data()
#1 D:\OpenServer\domains\localhost\wp-content\plugins\astra-sites\inc\importers\batch-processing\class-astra-sites-batch-processing-elementor.php(66): Elementor\TemplateLibrary\Astra_Sites_Batch_Processing_Elementor->import_single_post()
#2 D:\OpenServer\domains\localhost\wp-content\plugins\astra-sites\inc\importers\batch-processing\helpers\class-wp-background-process-astra.php(41): Elementor\TemplateLibrary\Astra_Sites_Batch_Processing_Elementor->import()
#3 D:\OpenServer\domains\localhost\wp-content\plugins\woocommerce\includes\libraries\wp-background-process.php(301): WP_Background_Process_Astra->task()
#4 D:\OpenServer\domains\localhost\wp-content\plugins\woocommerce\includes\libraries\wp-background-process.php(447): WP_Background_Process->handle()
#5 D:\OpenServer\domains\localhost\wp-includes\class-wp-hook.php(303): WP_Background_Process->handle_cron_healthcheck()
#6 D:\OpenServer\domains\localhost\wp-includes\class-wp-hook.php(327): WP_Hook->apply_filters()
#7 D:\OpenServer\domains\localhost\wp-includes\plugin.php(518): WP_Hook->do_action()
#8 D:\OpenServer\domains\localhost\wp-cron.php(138): do_action_ref_array()
#9 {main}
  thrown в D:\OpenServer\domains\localhost\wp-content\plugins\elementor\core\base\document.php на строке 864

2022-01-10T06:50:14+00:00 CRITICAL Uncaught Exception: Invalid data: {"data":["Array","Array"],"element":"Array"} in D:\OpenServer\domains\localhost\wp-content\plugins\elementor\core\base\document.php:864
Stack trace:
#0 D:\OpenServer\domains\localhost\wp-content\plugins\astra-sites\inc\importers\batch-processing\class-astra-sites-batch-processing-elementor.php(122): Elementor\Core\Base\Document->get_elements_raw_data()
#1 D:\OpenServer\domains\localhost\wp-content\plugins\astra-sites\inc\importers\batch-processing\class-astra-sites-batch-processing-elementor.php(66): Elementor\TemplateLibrary\Astra_Sites_Batch_Processing_Elementor->import_single_post()
#2 D:\OpenServer\domains\localhost\wp-content\plugins\astra-sites\inc\importers\batch-processing\helpers\class-wp-background-process-astra.php(41): Elementor\TemplateLibrary\Astra_Sites_Batch_Processing_Elementor->import()
#3 D:\OpenServer\domains\localhost\wp-content\plugins\woocommerce\includes\libraries\wp-background-process.php(301): WP_Background_Process_Astra->task()
#4 D:\OpenServer\domains\localhost\wp-content\plugins\woocommerce\includes\libraries\wp-background-process.php(447): WP_Background_Process->handle()
#5 D:\OpenServer\domains\localhost\wp-includes\class-wp-hook.php(303): WP_Background_Process->handle_cron_healthcheck()
#6 D:\OpenServer\domains\localhost\wp-includes\class-wp-hook.php(327): WP_Hook->apply_filters()
#7 D:\OpenServer\domains\localhost\wp-includes\plugin.php(518): WP_Hook->do_action()
#8 D:\OpenServer\domains\localhost\wp-cron.php(138): do_action_ref_array()
#9 {main}
  thrown в D:\OpenServer\domains\localhost\wp-content\plugins\elementor\core\base\document.php на строке 864

2022-01-10T06:54:04+00:00 CRITICAL Uncaught Exception: Invalid data: {"data":["Array","Array"],"element":"Array"} in D:\OpenServer\domains\localhost\wp-content\plugins\elementor\core\base\document.php:864
Stack trace:
#0 D:\OpenServer\domains\localhost\wp-content\plugins\astra-sites\inc\importers\batch-processing\class-astra-sites-batch-processing-elementor.php(122): Elementor\Core\Base\Document->get_elements_raw_data()
#1 D:\OpenServer\domains\localhost\wp-content\plugins\astra-sites\inc\importers\batch-processing\class-astra-sites-batch-processing-elementor.php(66): Elementor\TemplateLibrary\Astra_Sites_Batch_Processing_Elementor->import_single_post()
#2 D:\OpenServer\domains\localhost\wp-content\plugins\astra-sites\inc\importers\batch-processing\helpers\class-wp-background-process-astra.php(41): Elementor\TemplateLibrary\Astra_Sites_Batch_Processing_Elementor->import()
#3 D:\OpenServer\domains\localhost\wp-content\plugins\woocommerce\includes\libraries\wp-background-process.php(301): WP_Background_Process_Astra->task()
#4 D:\OpenServer\domains\localhost\wp-content\plugins\woocommerce\includes\libraries\wp-background-process.php(447): WP_Background_Process->handle()
#5 D:\OpenServer\domains\localhost\wp-includes\class-wp-hook.php(303): WP_Background_Process->handle_cron_healthcheck()
#6 D:\OpenServer\domains\localhost\wp-includes\class-wp-hook.php(327): WP_Hook->apply_filters()
#7 D:\OpenServer\domains\localhost\wp-includes\plugin.php(518): WP_Hook->do_action()
#8 D:\OpenServer\domains\localhost\wp-cron.php(138): do_action_ref_array()
#9 {main}
  thrown в D:\OpenServer\domains\localhost\wp-content\plugins\elementor\core\base\document.php на строке 864

2022-01-10T06:59:07+00:00 CRITICAL Uncaught Exception: Invalid data: {"data":["Array","Array"],"element":"Array"} in D:\OpenServer\domains\localhost\wp-content\plugins\elementor\core\base\document.php:864
Stack trace:
#0 D:\OpenServer\domains\localhost\wp-content\plugins\astra-sites\inc\importers\batch-processing\class-astra-sites-batch-processing-elementor.php(122): Elementor\Core\Base\Document->get_elements_raw_data()
#1 D:\OpenServer\domains\localhost\wp-content\plugins\astra-sites\inc\importers\batch-processing\class-astra-sites-batch-processing-elementor.php(66): Elementor\TemplateLibrary\Astra_Sites_Batch_Processing_Elementor->import_single_post()
#2 D:\OpenServer\domains\localhost\wp-content\plugins\astra-sites\inc\importers\batch-processing\helpers\class-wp-background-process-astra.php(41): Elementor\TemplateLibrary\Astra_Sites_Batch_Processing_Elementor->import()
#3 D:\OpenServer\domains\localhost\wp-content\plugins\woocommerce\includes\libraries\wp-background-process.php(301): WP_Background_Process_Astra->task()
#4 D:\OpenServer\domains\localhost\wp-content\plugins\woocommerce\includes\libraries\wp-background-process.php(447): WP_Background_Process->handle()
#5 D:\OpenServer\domains\localhost\wp-includes\class-wp-hook.php(303): WP_Background_Process->handle_cron_healthcheck()
#6 D:\OpenServer\domains\localhost\wp-includes\class-wp-hook.php(327): WP_Hook->apply_filters()
#7 D:\OpenServer\domains\localhost\wp-includes\plugin.php(518): WP_Hook->do_action()
#8 D:\OpenServer\domains\localhost\wp-cron.php(138): do_action_ref_array()
#9 {main}
  thrown в D:\OpenServer\domains\localhost\wp-content\plugins\elementor\core\base\document.php на строке 864

2022-01-10T07:05:45+00:00 CRITICAL Uncaught Exception: Invalid data: {"data":["Array","Array"],"element":"Array"} in D:\OpenServer\domains\localhost\wp-content\plugins\elementor\core\base\document.php:864
Stack trace:
#0 D:\OpenServer\domains\localhost\wp-content\plugins\astra-sites\inc\importers\batch-processing\class-astra-sites-batch-processing-elementor.php(122): Elementor\Core\Base\Document->get_elements_raw_data()
#1 D:\OpenServer\domains\localhost\wp-content\plugins\astra-sites\inc\importers\batch-processing\class-astra-sites-batch-processing-elementor.php(66): Elementor\TemplateLibrary\Astra_Sites_Batch_Processing_Elementor->import_single_post()
#2 D:\OpenServer\domains\localhost\wp-content\plugins\astra-sites\inc\importers\batch-processing\helpers\class-wp-background-process-astra.php(41): Elementor\TemplateLibrary\Astra_Sites_Batch_Processing_Elementor->import()
#3 D:\OpenServer\domains\localhost\wp-content\plugins\woocommerce\includes\libraries\wp-background-process.php(301): WP_Background_Process_Astra->task()
#4 D:\OpenServer\domains\localhost\wp-content\plugins\woocommerce\includes\libraries\wp-background-process.php(447): WP_Background_Process->handle()
#5 D:\OpenServer\domains\localhost\wp-includes\class-wp-hook.php(303): WP_Background_Process->handle_cron_healthcheck()
#6 D:\OpenServer\domains\localhost\wp-includes\class-wp-hook.php(327): WP_Hook->apply_filters()
#7 D:\OpenServer\domains\localhost\wp-includes\plugin.php(518): WP_Hook->do_action()
#8 D:\OpenServer\domains\localhost\wp-cron.php(138): do_action_ref_array()
#9 {main}
  thrown в D:\OpenServer\domains\localhost\wp-content\plugins\elementor\core\base\document.php на строке 864

2022-01-10T07:09:10+00:00 CRITICAL Uncaught Exception: Invalid data: {"data":["Array","Array"],"element":"Array"} in D:\OpenServer\domains\localhost\wp-content\plugins\elementor\core\base\document.php:864
Stack trace:
#0 D:\OpenServer\domains\localhost\wp-content\plugins\astra-sites\inc\importers\batch-processing\class-astra-sites-batch-processing-elementor.php(122): Elementor\Core\Base\Document->get_elements_raw_data()
#1 D:\OpenServer\domains\localhost\wp-content\plugins\astra-sites\inc\importers\batch-processing\class-astra-sites-batch-processing-elementor.php(66): Elementor\TemplateLibrary\Astra_Sites_Batch_Processing_Elementor->import_single_post()
#2 D:\OpenServer\domains\localhost\wp-content\plugins\astra-sites\inc\importers\batch-processing\helpers\class-wp-background-process-astra.php(41): Elementor\TemplateLibrary\Astra_Sites_Batch_Processing_Elementor->import()
#3 D:\OpenServer\domains\localhost\wp-content\plugins\woocommerce\includes\libraries\wp-background-process.php(301): WP_Background_Process_Astra->task()
#4 D:\OpenServer\domains\localhost\wp-content\plugins\woocommerce\includes\libraries\wp-background-process.php(447): WP_Background_Process->handle()
#5 D:\OpenServer\domains\localhost\wp-includes\class-wp-hook.php(303): WP_Background_Process->handle_cron_healthcheck()
#6 D:\OpenServer\domains\localhost\wp-includes\class-wp-hook.php(327): WP_Hook->apply_filters()
#7 D:\OpenServer\domains\localhost\wp-includes\plugin.php(518): WP_Hook->do_action()
#8 D:\OpenServer\domains\localhost\wp-cron.php(138): do_action_ref_array()
#9 {main}
  thrown в D:\OpenServer\domains\localhost\wp-content\plugins\elementor\core\base\document.php на строке 864

2022-01-10T07:14:31+00:00 CRITICAL Uncaught Exception: Invalid data: {"data":["Array","Array"],"element":"Array"} in D:\OpenServer\domains\localhost\wp-content\plugins\elementor\core\base\document.php:864
Stack trace:
#0 D:\OpenServer\domains\localhost\wp-content\plugins\astra-sites\inc\importers\batch-processing\class-astra-sites-batch-processing-elementor.php(122): Elementor\Core\Base\Document->get_elements_raw_data()
#1 D:\OpenServer\domains\localhost\wp-content\plugins\astra-sites\inc\importers\batch-processing\class-astra-sites-batch-processing-elementor.php(66): Elementor\TemplateLibrary\Astra_Sites_Batch_Processing_Elementor->import_single_post()
#2 D:\OpenServer\domains\localhost\wp-content\plugins\astra-sites\inc\importers\batch-processing\helpers\class-wp-background-process-astra.php(41): Elementor\TemplateLibrary\Astra_Sites_Batch_Processing_Elementor->import()
#3 D:\OpenServer\domains\localhost\wp-content\plugins\woocommerce\includes\libraries\wp-background-process.php(301): WP_Background_Process_Astra->task()
#4 D:\OpenServer\domains\localhost\wp-content\plugins\woocommerce\includes\libraries\wp-background-process.php(447): WP_Background_Process->handle()
#5 D:\OpenServer\domains\localhost\wp-includes\class-wp-hook.php(303): WP_Background_Process->handle_cron_healthcheck()
#6 D:\OpenServer\domains\localhost\wp-includes\class-wp-hook.php(327): WP_Hook->apply_filters()
#7 D:\OpenServer\domains\localhost\wp-includes\plugin.php(518): WP_Hook->do_action()
#8 D:\OpenServer\domains\localhost\wp-cron.php(138): do_action_ref_array()
#9 {main}
  thrown в D:\OpenServer\domains\localhost\wp-content\plugins\elementor\core\base\document.php на строке 864

2022-01-10T07:19:42+00:00 CRITICAL Uncaught Exception: Invalid data: {"data":["Array","Array"],"element":"Array"} in D:\OpenServer\domains\localhost\wp-content\plugins\elementor\core\base\document.php:864
Stack trace:
#0 D:\OpenServer\domains\localhost\wp-content\plugins\astra-sites\inc\importers\batch-processing\class-astra-sites-batch-processing-elementor.php(122): Elementor\Core\Base\Document->get_elements_raw_data()
#1 D:\OpenServer\domains\localhost\wp-content\plugins\astra-sites\inc\importers\batch-processing\class-astra-sites-batch-processing-elementor.php(66): Elementor\TemplateLibrary\Astra_Sites_Batch_Processing_Elementor->import_single_post()
#2 D:\OpenServer\domains\localhost\wp-content\plugins\astra-sites\inc\importers\batch-processing\helpers\class-wp-background-process-astra.php(41): Elementor\TemplateLibrary\Astra_Sites_Batch_Processing_Elementor->import()
#3 D:\OpenServer\domains\localhost\wp-content\plugins\woocommerce\includes\libraries\wp-background-process.php(301): WP_Background_Process_Astra->task()
#4 D:\OpenServer\domains\localhost\wp-content\plugins\woocommerce\includes\libraries\wp-background-process.php(447): WP_Background_Process->handle()
#5 D:\OpenServer\domains\localhost\wp-includes\class-wp-hook.php(303): WP_Background_Process->handle_cron_healthcheck()
#6 D:\OpenServer\domains\localhost\wp-includes\class-wp-hook.php(327): WP_Hook->apply_filters()
#7 D:\OpenServer\domains\localhost\wp-includes\plugin.php(518): WP_Hook->do_action()
#8 D:\OpenServer\domains\localhost\wp-cron.php(138): do_action_ref_array()
#9 {main}
  thrown в D:\OpenServer\domains\localhost\wp-content\plugins\elementor\core\base\document.php на строке 864

2022-01-10T07:24:05+00:00 CRITICAL Uncaught Exception: Invalid data: {"data":["Array","Array"],"element":"Array"} in D:\OpenServer\domains\localhost\wp-content\plugins\elementor\core\base\document.php:864
Stack trace:
#0 D:\OpenServer\domains\localhost\wp-content\plugins\astra-sites\inc\importers\batch-processing\class-astra-sites-batch-processing-elementor.php(122): Elementor\Core\Base\Document->get_elements_raw_data()
#1 D:\OpenServer\domains\localhost\wp-content\plugins\astra-sites\inc\importers\batch-processing\class-astra-sites-batch-processing-elementor.php(66): Elementor\TemplateLibrary\Astra_Sites_Batch_Processing_Elementor->import_single_post()
#2 D:\OpenServer\domains\localhost\wp-content\plugins\astra-sites\inc\importers\batch-processing\helpers\class-wp-background-process-astra.php(41): Elementor\TemplateLibrary\Astra_Sites_Batch_Processing_Elementor->import()
#3 D:\OpenServer\domains\localhost\wp-content\plugins\woocommerce\includes\libraries\wp-background-process.php(301): WP_Background_Process_Astra->task()
#4 D:\OpenServer\domains\localhost\wp-content\plugins\woocommerce\includes\libraries\wp-background-process.php(447): WP_Background_Process->handle()
#5 D:\OpenServer\domains\localhost\wp-includes\class-wp-hook.php(303): WP_Background_Process->handle_cron_healthcheck()
#6 D:\OpenServer\domains\localhost\wp-includes\class-wp-hook.php(327): WP_Hook->apply_filters()
#7 D:\OpenServer\domains\localhost\wp-includes\plugin.php(518): WP_Hook->do_action()
#8 D:\OpenServer\domains\localhost\wp-cron.php(138): do_action_ref_array()
#9 {main}
  thrown в D:\OpenServer\domains\localhost\wp-content\plugins\elementor\core\base\document.php на строке 864

2022-01-10T07:29:28+00:00 CRITICAL Uncaught Exception: Invalid data: {"data":["Array","Array"],"element":"Array"} in D:\OpenServer\domains\localhost\wp-content\plugins\elementor\core\base\document.php:864
Stack trace:
#0 D:\OpenServer\domains\localhost\wp-content\plugins\astra-sites\inc\importers\batch-processing\class-astra-sites-batch-processing-elementor.php(122): Elementor\Core\Base\Document->get_elements_raw_data()
#1 D:\OpenServer\domains\localhost\wp-content\plugins\astra-sites\inc\importers\batch-processing\class-astra-sites-batch-processing-elementor.php(66): Elementor\TemplateLibrary\Astra_Sites_Batch_Processing_Elementor->import_single_post()
#2 D:\OpenServer\domains\localhost\wp-content\plugins\astra-sites\inc\importers\batch-processing\helpers\class-wp-background-process-astra.php(41): Elementor\TemplateLibrary\Astra_Sites_Batch_Processing_Elementor->import()
#3 D:\OpenServer\domains\localhost\wp-content\plugins\woocommerce\includes\libraries\wp-background-process.php(301): WP_Background_Process_Astra->task()
#4 D:\OpenServer\domains\localhost\wp-content\plugins\woocommerce\includes\libraries\wp-background-process.php(447): WP_Background_Process->handle()
#5 D:\OpenServer\domains\localhost\wp-includes\class-wp-hook.php(303): WP_Background_Process->handle_cron_healthcheck()
#6 D:\OpenServer\domains\localhost\wp-includes\class-wp-hook.php(327): WP_Hook->apply_filters()
#7 D:\OpenServer\domains\localhost\wp-includes\plugin.php(518): WP_Hook->do_action()
#8 D:\OpenServer\domains\localhost\wp-cron.php(138): do_action_ref_array()
#9 {main}
  thrown в D:\OpenServer\domains\localhost\wp-content\plugins\elementor\core\base\document.php на строке 864

2022-01-10T07:34:18+00:00 CRITICAL Uncaught Exception: Invalid data: {"data":["Array","Array"],"element":"Array"} in D:\OpenServer\domains\localhost\wp-content\plugins\elementor\core\base\document.php:864
Stack trace:
#0 D:\OpenServer\domains\localhost\wp-content\plugins\astra-sites\inc\importers\batch-processing\class-astra-sites-batch-processing-elementor.php(122): Elementor\Core\Base\Document->get_elements_raw_data()
#1 D:\OpenServer\domains\localhost\wp-content\plugins\astra-sites\inc\importers\batch-processing\class-astra-sites-batch-processing-elementor.php(66): Elementor\TemplateLibrary\Astra_Sites_Batch_Processing_Elementor->import_single_post()
#2 D:\OpenServer\domains\localhost\wp-content\plugins\astra-sites\inc\importers\batch-processing\helpers\class-wp-background-process-astra.php(41): Elementor\TemplateLibrary\Astra_Sites_Batch_Processing_Elementor->import()
#3 D:\OpenServer\domains\localhost\wp-content\plugins\woocommerce\includes\libraries\wp-background-process.php(301): WP_Background_Process_Astra->task()
#4 D:\OpenServer\domains\localhost\wp-content\plugins\woocommerce\includes\libraries\wp-background-process.php(447): WP_Background_Process->handle()
#5 D:\OpenServer\domains\localhost\wp-includes\class-wp-hook.php(303): WP_Background_Process->handle_cron_healthcheck()
#6 D:\OpenServer\domains\localhost\wp-includes\class-wp-hook.php(327): WP_Hook->apply_filters()
#7 D:\OpenServer\domains\localhost\wp-includes\plugin.php(518): WP_Hook->do_action()
#8 D:\OpenServer\domains\localhost\wp-cron.php(138): do_action_ref_array()
#9 {main}
  thrown в D:\OpenServer\domains\localhost\wp-content\plugins\elementor\core\base\document.php на строке 864

2022-01-10T07:39:26+00:00 CRITICAL Uncaught Exception: Invalid data: {"data":["Array","Array"],"element":"Array"} in D:\OpenServer\domains\localhost\wp-content\plugins\elementor\core\base\document.php:864
Stack trace:
#0 D:\OpenServer\domains\localhost\wp-content\plugins\astra-sites\inc\importers\batch-processing\class-astra-sites-batch-processing-elementor.php(122): Elementor\Core\Base\Document->get_elements_raw_data()
#1 D:\OpenServer\domains\localhost\wp-content\plugins\astra-sites\inc\importers\batch-processing\class-astra-sites-batch-processing-elementor.php(66): Elementor\TemplateLibrary\Astra_Sites_Batch_Processing_Elementor->import_single_post()
#2 D:\OpenServer\domains\localhost\wp-content\plugins\astra-sites\inc\importers\batch-processing\helpers\class-wp-background-process-astra.php(41): Elementor\TemplateLibrary\Astra_Sites_Batch_Processing_Elementor->import()
#3 D:\OpenServer\domains\localhost\wp-content\plugins\woocommerce\includes\libraries\wp-background-process.php(301): WP_Background_Process_Astra->task()
#4 D:\OpenServer\domains\localhost\wp-content\plugins\woocommerce\includes\libraries\wp-background-process.php(447): WP_Background_Process->handle()
#5 D:\OpenServer\domains\localhost\wp-includes\class-wp-hook.php(303): WP_Background_Process->handle_cron_healthcheck()
#6 D:\OpenServer\domains\localhost\wp-includes\class-wp-hook.php(327): WP_Hook->apply_filters()
#7 D:\OpenServer\domains\localhost\wp-includes\plugin.php(518): WP_Hook->do_action()
#8 D:\OpenServer\domains\localhost\wp-cron.php(138): do_action_ref_array()
#9 {main}
  thrown в D:\OpenServer\domains\localhost\wp-content\plugins\elementor\core\base\document.php на строке 864

2022-01-10T07:45:29+00:00 CRITICAL Uncaught Exception: Invalid data: {"data":["Array","Array"],"element":"Array"} in D:\OpenServer\domains\localhost\wp-content\plugins\elementor\core\base\document.php:864
Stack trace:
#0 D:\OpenServer\domains\localhost\wp-content\plugins\astra-sites\inc\importers\batch-processing\class-astra-sites-batch-processing-elementor.php(122): Elementor\Core\Base\Document->get_elements_raw_data()
#1 D:\OpenServer\domains\localhost\wp-content\plugins\astra-sites\inc\importers\batch-processing\class-astra-sites-batch-processing-elementor.php(66): Elementor\TemplateLibrary\Astra_Sites_Batch_Processing_Elementor->import_single_post()
#2 D:\OpenServer\domains\localhost\wp-content\plugins\astra-sites\inc\importers\batch-processing\helpers\class-wp-background-process-astra.php(41): Elementor\TemplateLibrary\Astra_Sites_Batch_Processing_Elementor->import()
#3 D:\OpenServer\domains\localhost\wp-content\plugins\woocommerce\includes\libraries\wp-background-process.php(301): WP_Background_Process_Astra->task()
#4 D:\OpenServer\domains\localhost\wp-content\plugins\woocommerce\includes\libraries\wp-background-process.php(447): WP_Background_Process->handle()
#5 D:\OpenServer\domains\localhost\wp-includes\class-wp-hook.php(303): WP_Background_Process->handle_cron_healthcheck()
#6 D:\OpenServer\domains\localhost\wp-includes\class-wp-hook.php(327): WP_Hook->apply_filters()
#7 D:\OpenServer\domains\localhost\wp-includes\plugin.php(518): WP_Hook->do_action()
#8 D:\OpenServer\domains\localhost\wp-cron.php(138): do_action_ref_array()
#9 {main}
  thrown в D:\OpenServer\domains\localhost\wp-content\plugins\elementor\core\base\document.php на строке 864

2022-01-10T07:49:31+00:00 CRITICAL Uncaught Exception: Invalid data: {"data":["Array","Array"],"element":"Array"} in D:\OpenServer\domains\localhost\wp-content\plugins\elementor\core\base\document.php:864
Stack trace:
#0 D:\OpenServer\domains\localhost\wp-content\plugins\astra-sites\inc\importers\batch-processing\class-astra-sites-batch-processing-elementor.php(122): Elementor\Core\Base\Document->get_elements_raw_data()
#1 D:\OpenServer\domains\localhost\wp-content\plugins\astra-sites\inc\importers\batch-processing\class-astra-sites-batch-processing-elementor.php(66): Elementor\TemplateLibrary\Astra_Sites_Batch_Processing_Elementor->import_single_post()
#2 D:\OpenServer\domains\localhost\wp-content\plugins\astra-sites\inc\importers\batch-processing\helpers\class-wp-background-process-astra.php(41): Elementor\TemplateLibrary\Astra_Sites_Batch_Processing_Elementor->import()
#3 D:\OpenServer\domains\localhost\wp-content\plugins\woocommerce\includes\libraries\wp-background-process.php(301): WP_Background_Process_Astra->task()
#4 D:\OpenServer\domains\localhost\wp-content\plugins\woocommerce\includes\libraries\wp-background-process.php(447): WP_Background_Process->handle()
#5 D:\OpenServer\domains\localhost\wp-includes\class-wp-hook.php(303): WP_Background_Process->handle_cron_healthcheck()
#6 D:\OpenServer\domains\localhost\wp-includes\class-wp-hook.php(327): WP_Hook->apply_filters()
#7 D:\OpenServer\domains\localhost\wp-includes\plugin.php(518): WP_Hook->do_action()
#8 D:\OpenServer\domains\localhost\wp-cron.php(138): do_action_ref_array()
#9 {main}
  thrown в D:\OpenServer\domains\localhost\wp-content\plugins\elementor\core\base\document.php на строке 864

2022-01-10T07:54:45+00:00 CRITICAL Uncaught Exception: Invalid data: {"data":["Array","Array"],"element":"Array"} in D:\OpenServer\domains\localhost\wp-content\plugins\elementor\core\base\document.php:864
Stack trace:
#0 D:\OpenServer\domains\localhost\wp-content\plugins\astra-sites\inc\importers\batch-processing\class-astra-sites-batch-processing-elementor.php(122): Elementor\Core\Base\Document->get_elements_raw_data()
#1 D:\OpenServer\domains\localhost\wp-content\plugins\astra-sites\inc\importers\batch-processing\class-astra-sites-batch-processing-elementor.php(66): Elementor\TemplateLibrary\Astra_Sites_Batch_Processing_Elementor->import_single_post()
#2 D:\OpenServer\domains\localhost\wp-content\plugins\astra-sites\inc\importers\batch-processing\helpers\class-wp-background-process-astra.php(41): Elementor\TemplateLibrary\Astra_Sites_Batch_Processing_Elementor->import()
#3 D:\OpenServer\domains\localhost\wp-content\plugins\woocommerce\includes\libraries\wp-background-process.php(301): WP_Background_Process_Astra->task()
#4 D:\OpenServer\domains\localhost\wp-content\plugins\woocommerce\includes\libraries\wp-background-process.php(447): WP_Background_Process->handle()
#5 D:\OpenServer\domains\localhost\wp-includes\class-wp-hook.php(303): WP_Background_Process->handle_cron_healthcheck()
#6 D:\OpenServer\domains\localhost\wp-includes\class-wp-hook.php(327): WP_Hook->apply_filters()
#7 D:\OpenServer\domains\localhost\wp-includes\plugin.php(518): WP_Hook->do_action()
#8 D:\OpenServer\domains\localhost\wp-cron.php(138): do_action_ref_array()
#9 {main}
  thrown в D:\OpenServer\domains\localhost\wp-content\plugins\elementor\core\base\document.php на строке 864

